2023-11-10 13:54:55.800 [info] Extension host with pid 15360 started
2023-11-10 13:54:55.821 [info] Lock '/home/xdb/.vscode-server/data/User/workspaceStorage/569201399f0082eda7ddf2c1e43cd240/vscode.lock': Lock acquired.
2023-11-10 13:54:55.914 [info] ExtensionService#_doActivateExtension vscode.git-base, startup: false, activationEvent: '*'
2023-11-10 13:54:55.956 [info] ExtensionService#_doActivateExtension vscode.github, startup: false, activationEvent: '*'
2023-11-10 13:54:56.074 [info] Eager extensions activated
2023-11-10 13:54:56.074 [info] ExtensionService#_doActivateExtension vscode.debug-auto-launch, startup: false, activationEvent: 'onStartupFinished'
2023-11-10 13:54:56.074 [info] ExtensionService#_doActivateExtension vscode.merge-conflict, startup: false, activationEvent: 'onStartupFinished'
2023-11-10 13:54:57.588 [info] ExtensionService#_doActivateExtension vscode.git, startup: false, activationEvent: 'api', root cause: vscode.github
2023-11-10 13:55:27.571 [info] ExtensionService#_doActivateExtension vscode.emmet, startup: false, activationEvent: 'onLanguage'
2023-11-10 14:23:47.561 [info] ExtensionService#_doActivateExtension vscode.npm, startup: false, activationEvent: 'onTerminalQuickFixRequest:ms-vscode.npm-command'
2023-11-10 15:15:49.248 [info] Extension host terminating: renderer disconnected for too long (2)
2023-11-10 15:15:49.249 [info] Lock '/home/xdb/.vscode-server/data/User/workspaceStorage/569201399f0082eda7ddf2c1e43cd240/vscode.lock': Marking the lockfile as scheduled to be released in 6000 ms.
2023-11-10 15:15:54.258 [info] Extension host with pid 15360 exiting with code 0
2023-11-10 15:29:44.951 [info] Extension host with pid 8917 started
2023-11-10 15:29:44.969 [info] Lock '/home/xdb/.vscode-server/data/User/workspaceStorage/569201399f0082eda7ddf2c1e43cd240/vscode.lock': Lock acquired.
2023-11-10 15:29:45.015 [info] ExtensionService#_doActivateExtension vscode.git-base, startup: false, activationEvent: '*', root cause: vscode.git
2023-11-10 15:29:45.016 [info] ExtensionService#_doActivateExtension vscode.emmet, startup: false, activationEvent: 'onLanguage'
2023-11-10 15:29:45.017 [info] ExtensionService#_doActivateExtension vscode.npm, startup: false, activationEvent: 'onTerminalQuickFixRequest:ms-vscode.npm-command'
2023-11-10 15:29:45.103 [info] ExtensionService#_doActivateExtension vscode.git, startup: false, activationEvent: '*'
2023-11-10 15:29:45.103 [info] ExtensionService#_doActivateExtension vscode.github, startup: false, activationEvent: '*'
2023-11-10 15:29:45.379 [info] Eager extensions activated
2023-11-10 15:29:45.379 [info] ExtensionService#_doActivateExtension vscode.debug-auto-launch, startup: false, activationEvent: 'onStartupFinished'
2023-11-10 15:29:45.380 [info] ExtensionService#_doActivateExtension vscode.merge-conflict, startup: false, activationEvent: 'onStartupFinished'
2023-11-10 16:20:24.398 [warning] [Decorations] CAPPING events from decorations provider vscode.git 1397
