2023-11-10 16:26:36.903 [info] Log level: Info
2023-11-10 16:26:36.903 [info] Validating found git in: "git"
2023-11-10 16:26:36.903 [info] Using git "1.8.3.1" from "git"
2023-11-10 16:26:36.903 [info] > git rev-parse --show-toplevel [43ms]
2023-11-10 16:26:36.903 [info] > git rev-parse --git-dir --git-common-dir [1ms]
2023-11-10 16:26:36.903 [info] Open repository: /home/xdb
2023-11-10 16:26:36.903 [warning] getRemotes() - ENOENT: no such file or directory, open '/home/xdb/--git-common-dir/config'
2023-11-10 16:26:36.903 [info] > git fetch [26ms]
2023-11-10 16:26:36.903 [info] fatal: No remote repository specified.  Please, specify either a URL or a
remote name from which new revisions should be fetched.
2023-11-10 16:26:36.903 [warning] getRemotes() - ENOENT: no such file or directory, open '/home/xdb/--git-common-dir/config'
2023-11-10 16:26:36.903 [info] > git rev-parse --show-toplevel [11ms]
2023-11-10 16:26:36.903 [info] > git config --get commit.template [16ms]
2023-11-10 16:26:36.903 [info] > git remote --verbose [22ms]
2023-11-10 16:26:36.903 [info] > git config --get commit.template [7ms]
2023-11-10 16:26:36.903 [info] > git remote --verbose [13ms]
2023-11-10 16:26:36.903 [info] > git rev-parse --show-toplevel [7ms]
2023-11-10 16:26:36.903 [info] > git for-each-ref --format=%(refname)%00%(upstream:short)%00%(objectname) refs/heads/master refs/remotes/master [6ms]
2023-11-10 16:26:36.903 [warning] getRemotes() - ENOENT: no such file or directory, open '/home/xdb/--git-common-dir/config'
2023-11-10 16:26:36.903 [info] > git for-each-ref --format=%(refname)%00%(upstream:short)%00%(objectname) refs/heads/master refs/remotes/master [17ms]
2023-11-10 16:26:36.903 [info] > git config --get commit.template [3ms]
2023-11-10 16:26:36.903 [info] > git remote --verbose [6ms]
2023-11-10 16:26:36.903 [info] > git rev-parse --show-toplevel [11ms]
2023-11-10 16:26:36.903 [info] > git rev-parse --show-toplevel [6ms]
2023-11-10 16:26:36.903 [info] > git for-each-ref --format=%(refname)%00%(upstream:short)%00%(objectname) refs/heads/master refs/remotes/master [21ms]
2023-11-10 16:26:36.903 [info] > git rev-parse --show-toplevel [17ms]
2023-11-10 16:26:36.903 [info] > git rev-parse --show-toplevel [1ms]
2023-11-10 16:26:36.903 [info] > git rev-parse --show-toplevel [2ms]
2023-11-10 16:26:36.903 [info] > git status -z -uall [26ms]
2023-11-10 16:26:36.903 [info] > git rev-parse --show-toplevel [3ms]
2023-11-10 16:26:37.421 [info] > git check-ignore -v -z --stdin [3ms]
2023-11-10 16:26:37.552 [info] > git show --textconv :test202311/tools/public.cpp [7ms]
2023-11-10 16:26:37.555 [info] > git ls-files --stage -- /home/xdb/test202311/tools/public.cpp [4ms]
2023-11-10 16:26:37.563 [info] > git cat-file -s 24f4a9bc44d7a617314afc0efe10d0a620bed13c [2ms]
2023-11-10 16:26:38.362 [info] > git ls-files --stage -- /home/xdb/test202311/tools/public.cpp [3ms]
2023-11-10 16:26:38.368 [info] > git cat-file -s 24f4a9bc44d7a617314afc0efe10d0a620bed13c [1ms]
2023-11-10 16:26:38.392 [info] > git show --textconv :test202311/tools/public.cpp [3ms]
2023-11-10 16:26:38.615 [info] > git check-ignore -v -z --stdin [3ms]
2023-11-10 16:26:41.294 [warning] getRemotes() - ENOENT: no such file or directory, open '/home/xdb/--git-common-dir/config'
2023-11-10 16:26:41.300 [info] > git remote --verbose [6ms]
2023-11-10 16:26:41.302 [info] > git config --get commit.template [2ms]
2023-11-10 16:26:41.308 [info] > git for-each-ref --format=%(refname)%00%(upstream:short)%00%(objectname) refs/heads/master refs/remotes/master [1ms]
2023-11-10 16:26:41.328 [info] > git status -z -uall [15ms]
2023-11-10 16:26:41.696 [info] > git check-ignore -v -z --stdin [12ms]
2023-11-10 16:26:44.347 [info] > git check-ignore -v -z --stdin [3ms]
2023-11-10 16:26:46.340 [info] > git -c user.useConfigOnly=true commit --quiet --allow-empty-message --file - [6ms]
2023-11-10 16:26:46.340 [info] 
*** Please tell me who you are.

Run

  git config --global user.email "you@example.com"
  git config --global user.name "Your Name"

to set your account's default identity.
Omit --global to set the identity only in this repository.

fatal: empty ident name (for <xdb@VM-12-8-centos.(none)>) not allowed
2023-11-10 16:26:46.348 [info] > git config --get-all user.name [1ms]
2023-11-10 16:26:46.355 [warning] getRemotes() - ENOENT: no such file or directory, open '/home/xdb/--git-common-dir/config'
2023-11-10 16:26:46.362 [info] > git remote --verbose [8ms]
2023-11-10 16:26:46.362 [info] > git config --get commit.template [2ms]
2023-11-10 16:26:46.369 [info] > git for-each-ref --format=%(refname)%00%(upstream:short)%00%(objectname) refs/heads/master refs/remotes/master [1ms]
2023-11-10 16:26:46.395 [info] > git status -z -uall [21ms]
2023-11-10 16:26:46.433 [warning] getRemotes() - ENOENT: no such file or directory, open '/home/xdb/--git-common-dir/config'
2023-11-10 16:26:46.440 [info] > git remote --verbose [7ms]
2023-11-10 16:26:46.440 [info] > git config --get commit.template [1ms]
2023-11-10 16:26:46.447 [info] > git for-each-ref --format=%(refname)%00%(upstream:short)%00%(objectname) refs/heads/master refs/remotes/master [2ms]
2023-11-10 16:26:46.466 [info] > git status -z -uall [14ms]
2023-11-10 16:26:51.495 [warning] getRemotes() - ENOENT: no such file or directory, open '/home/xdb/--git-common-dir/config'
2023-11-10 16:26:51.503 [info] > git remote --verbose [8ms]
2023-11-10 16:26:51.504 [info] > git config --get commit.template [3ms]
2023-11-10 16:26:51.511 [info] > git for-each-ref --format=%(refname)%00%(upstream:short)%00%(objectname) refs/heads/master refs/remotes/master [1ms]
2023-11-10 16:26:51.531 [info] > git status -z -uall [14ms]
2023-11-10 16:26:54.833 [info] > git -c user.useConfigOnly=true commit --quiet --allow-empty-message --file - --amend [2ms]
2023-11-10 16:26:54.833 [info] fatal: You have nothing to amend.
2023-11-10 16:26:54.841 [info] > git config --get-all user.name [1ms]
2023-11-10 16:26:54.848 [warning] getRemotes() - ENOENT: no such file or directory, open '/home/xdb/--git-common-dir/config'
2023-11-10 16:26:54.855 [info] > git remote --verbose [7ms]
2023-11-10 16:26:54.856 [info] > git config --get commit.template [2ms]
2023-11-10 16:26:54.863 [info] > git for-each-ref --format=%(refname)%00%(upstream:short)%00%(objectname) refs/heads/master refs/remotes/master [1ms]
2023-11-10 16:26:54.882 [info] > git status -z -uall [13ms]
2023-11-10 16:26:56.563 [warning] getRemotes() - ENOENT: no such file or directory, open '/home/xdb/--git-common-dir/config'
2023-11-10 16:26:56.572 [info] > git remote --verbose [9ms]
2023-11-10 16:26:56.573 [info] > git config --get commit.template [2ms]
2023-11-10 16:26:56.581 [info] > git for-each-ref --format=%(refname)%00%(upstream:short)%00%(objectname) refs/heads/master refs/remotes/master [1ms]
2023-11-10 16:26:56.602 [info] > git status -z -uall [15ms]
2023-11-10 16:27:01.643 [warning] getRemotes() - ENOENT: no such file or directory, open '/home/xdb/--git-common-dir/config'
2023-11-10 16:27:01.653 [info] > git remote --verbose [9ms]
2023-11-10 16:27:01.653 [info] > git config --get commit.template [2ms]
2023-11-10 16:27:01.665 [info] > git for-each-ref --format=%(refname)%00%(upstream:short)%00%(objectname) refs/heads/master refs/remotes/master [2ms]
2023-11-10 16:27:01.689 [info] > git status -z -uall [14ms]
2023-11-10 16:27:06.720 [warning] getRemotes() - ENOENT: no such file or directory, open '/home/xdb/--git-common-dir/config'
2023-11-10 16:27:06.730 [info] > git remote --verbose [10ms]
2023-11-10 16:27:06.731 [info] > git config --get commit.template [2ms]
2023-11-10 16:27:06.741 [info] > git for-each-ref --format=%(refname)%00%(upstream:short)%00%(objectname) refs/heads/master refs/remotes/master [1ms]
2023-11-10 16:27:06.762 [info] > git status -z -uall [13ms]
2023-11-10 16:27:11.799 [warning] getRemotes() - ENOENT: no such file or directory, open '/home/xdb/--git-common-dir/config'
2023-11-10 16:27:11.809 [info] > git remote --verbose [10ms]
2023-11-10 16:27:11.810 [info] > git config --get commit.template [2ms]
2023-11-10 16:27:11.819 [info] > git for-each-ref --format=%(refname)%00%(upstream:short)%00%(objectname) refs/heads/master refs/remotes/master [1ms]
2023-11-10 16:27:11.841 [info] > git status -z -uall [13ms]
2023-11-10 16:27:16.872 [warning] getRemotes() - ENOENT: no such file or directory, open '/home/xdb/--git-common-dir/config'
2023-11-10 16:27:16.883 [info] > git remote --verbose [11ms]
2023-11-10 16:27:16.894 [info] > git config --get commit.template [12ms]
2023-11-10 16:27:16.894 [info] > git for-each-ref --format=%(refname)%00%(upstream:short)%00%(objectname) refs/heads/master refs/remotes/master [1ms]
2023-11-10 16:27:16.916 [info] > git status -z -uall [13ms]
2023-11-10 16:27:21.952 [warning] getRemotes() - ENOENT: no such file or directory, open '/home/xdb/--git-common-dir/config'
2023-11-10 16:27:21.962 [info] > git remote --verbose [9ms]
2023-11-10 16:27:21.962 [info] > git config --get commit.template [2ms]
2023-11-10 16:27:21.971 [info] > git for-each-ref --format=%(refname)%00%(upstream:short)%00%(objectname) refs/heads/master refs/remotes/master [1ms]
2023-11-10 16:27:21.992 [info] > git status -z -uall [14ms]
2023-11-10 16:27:30.000 [warning] getRemotes() - ENOENT: no such file or directory, open '/home/xdb/--git-common-dir/config'
2023-11-10 16:27:30.008 [info] > git remote --verbose [8ms]
2023-11-10 16:27:30.009 [info] > git config --get commit.template [2ms]
2023-11-10 16:27:30.016 [info] > git for-each-ref --format=%(refname)%00%(upstream:short)%00%(objectname) refs/heads/master refs/remotes/master [1ms]
2023-11-10 16:27:30.036 [info] > git status -z -uall [14ms]
2023-11-10 16:27:35.066 [warning] getRemotes() - ENOENT: no such file or directory, open '/home/xdb/--git-common-dir/config'
2023-11-10 16:27:35.074 [info] > git remote --verbose [7ms]
2023-11-10 16:27:35.074 [info] > git config --get commit.template [1ms]
2023-11-10 16:27:35.082 [info] > git for-each-ref --format=%(refname)%00%(upstream:short)%00%(objectname) refs/heads/master refs/remotes/master [1ms]
2023-11-10 16:27:35.102 [info] > git status -z -uall [14ms]
2023-11-10 16:27:41.544 [warning] getRemotes() - ENOENT: no such file or directory, open '/home/xdb/--git-common-dir/config'
2023-11-10 16:27:41.552 [info] > git remote --verbose [8ms]
2023-11-10 16:27:41.553 [info] > git config --get commit.template [2ms]
2023-11-10 16:27:41.561 [info] > git for-each-ref --format=%(refname)%00%(upstream:short)%00%(objectname) refs/heads/master refs/remotes/master [2ms]
2023-11-10 16:27:41.584 [info] > git status -z -uall [16ms]
2023-11-10 16:27:46.617 [warning] getRemotes() - ENOENT: no such file or directory, open '/home/xdb/--git-common-dir/config'
2023-11-10 16:27:46.626 [info] > git remote --verbose [9ms]
2023-11-10 16:27:46.633 [info] > git config --get commit.template [8ms]
2023-11-10 16:27:46.633 [info] > git for-each-ref --format=%(refname)%00%(upstream:short)%00%(objectname) refs/heads/master refs/remotes/master [1ms]
2023-11-10 16:27:46.654 [info] > git status -z -uall [15ms]
2023-11-10 16:27:51.686 [warning] getRemotes() - ENOENT: no such file or directory, open '/home/xdb/--git-common-dir/config'
2023-11-10 16:27:51.695 [info] > git remote --verbose [9ms]
2023-11-10 16:27:51.705 [info] > git config --get commit.template [11ms]
2023-11-10 16:27:51.706 [info] > git for-each-ref --format=%(refname)%00%(upstream:short)%00%(objectname) refs/heads/master refs/remotes/master [3ms]
2023-11-10 16:27:51.731 [info] > git status -z -uall [17ms]
2023-11-10 16:27:56.764 [warning] getRemotes() - ENOENT: no such file or directory, open '/home/xdb/--git-common-dir/config'
2023-11-10 16:27:56.772 [info] > git remote --verbose [8ms]
2023-11-10 16:27:56.772 [info] > git config --get commit.template [1ms]
2023-11-10 16:27:56.780 [info] > git for-each-ref --format=%(refname)%00%(upstream:short)%00%(objectname) refs/heads/master refs/remotes/master [1ms]
2023-11-10 16:27:56.799 [info] > git status -z -uall [13ms]
2023-11-10 16:28:01.829 [warning] getRemotes() - ENOENT: no such file or directory, open '/home/xdb/--git-common-dir/config'
2023-11-10 16:28:01.837 [info] > git remote --verbose [8ms]
2023-11-10 16:28:01.837 [info] > git config --get commit.template [1ms]
2023-11-10 16:28:01.845 [info] > git for-each-ref --format=%(refname)%00%(upstream:short)%00%(objectname) refs/heads/master refs/remotes/master [1ms]
2023-11-10 16:28:01.866 [info] > git status -z -uall [13ms]
2023-11-10 16:28:05.260 [info] > git check-ignore -v -z --stdin [7ms]
2023-11-10 16:28:06.896 [warning] getRemotes() - ENOENT: no such file or directory, open '/home/xdb/--git-common-dir/config'
2023-11-10 16:28:06.904 [info] > git remote --verbose [8ms]
2023-11-10 16:28:06.910 [info] > git config --get commit.template [7ms]
2023-11-10 16:28:06.911 [info] > git for-each-ref --format=%(refname)%00%(upstream:short)%00%(objectname) refs/heads/master refs/remotes/master [1ms]
2023-11-10 16:28:06.931 [info] > git status -z -uall [14ms]
2023-11-10 16:28:07.708 [info] > git -c user.useConfigOnly=true commit --quiet --allow-empty-message --file - [6ms]
2023-11-10 16:28:07.708 [info] 
*** Please tell me who you are.

Run

  git config --global user.email "you@example.com"
  git config --global user.name "Your Name"

to set your account's default identity.
Omit --global to set the identity only in this repository.

fatal: empty ident name (for <xdb@VM-12-8-centos.(none)>) not allowed
2023-11-10 16:28:07.716 [info] > git config --get-all user.name [2ms]
2023-11-10 16:28:07.723 [warning] getRemotes() - ENOENT: no such file or directory, open '/home/xdb/--git-common-dir/config'
2023-11-10 16:28:07.730 [info] > git remote --verbose [7ms]
2023-11-10 16:28:07.730 [info] > git config --get commit.template [1ms]
2023-11-10 16:28:07.738 [info] > git for-each-ref --format=%(refname)%00%(upstream:short)%00%(objectname) refs/heads/master refs/remotes/master [2ms]
2023-11-10 16:28:07.758 [info] > git status -z -uall [13ms]
2023-11-10 16:28:11.753 [info] > git -c user.useConfigOnly=true commit --quiet --allow-empty-message --file - [6ms]
2023-11-10 16:28:11.753 [info] 
*** Please tell me who you are.

Run

  git config --global user.email "you@example.com"
  git config --global user.name "Your Name"

to set your account's default identity.
Omit --global to set the identity only in this repository.

fatal: empty ident name (for <xdb@VM-12-8-centos.(none)>) not allowed
2023-11-10 16:28:11.761 [info] > git config --get-all user.name [1ms]
2023-11-10 16:28:11.769 [warning] getRemotes() - ENOENT: no such file or directory, open '/home/xdb/--git-common-dir/config'
2023-11-10 16:28:11.776 [info] > git remote --verbose [8ms]
2023-11-10 16:28:11.776 [info] > git config --get commit.template [1ms]
2023-11-10 16:28:11.784 [info] > git for-each-ref --format=%(refname)%00%(upstream:short)%00%(objectname) refs/heads/master refs/remotes/master [1ms]
2023-11-10 16:28:11.805 [info] > git status -z -uall [14ms]
2023-11-10 16:28:12.087 [warning] getRemotes() - ENOENT: no such file or directory, open '/home/xdb/--git-common-dir/config'
2023-11-10 16:28:12.095 [info] > git remote --verbose [8ms]
2023-11-10 16:28:12.096 [info] > git config --get commit.template [2ms]
2023-11-10 16:28:12.107 [info] > git for-each-ref --format=%(refname)%00%(upstream:short)%00%(objectname) refs/heads/master refs/remotes/master [2ms]
2023-11-10 16:28:12.130 [info] > git status -z -uall [16ms]
2023-11-10 16:28:15.054 [info] > git check-ignore -v -z --stdin [3ms]
2023-11-10 16:28:17.162 [warning] getRemotes() - ENOENT: no such file or directory, open '/home/xdb/--git-common-dir/config'
2023-11-10 16:28:17.170 [info] > git remote --verbose [8ms]
2023-11-10 16:28:17.171 [info] > git config --get commit.template [2ms]
2023-11-10 16:28:17.178 [info] > git for-each-ref --format=%(refname)%00%(upstream:short)%00%(objectname) refs/heads/master refs/remotes/master [1ms]
2023-11-10 16:28:17.198 [info] > git status -z -uall [14ms]
2023-11-10 16:28:17.279 [warning] getRemotes() - ENOENT: no such file or directory, open '/home/xdb/--git-common-dir/config'
2023-11-10 16:28:17.287 [info] > git remote --verbose [8ms]
2023-11-10 16:28:17.288 [info] > git config --get commit.template [2ms]
2023-11-10 16:28:17.295 [info] > git for-each-ref --format=%(refname)%00%(upstream:short)%00%(objectname) refs/heads/master refs/remotes/master [1ms]
2023-11-10 16:28:17.473 [info] > git status -z -uall [171ms]
2023-11-10 16:28:22.232 [warning] getRemotes() - ENOENT: no such file or directory, open '/home/xdb/--git-common-dir/config'
2023-11-10 16:28:22.240 [info] > git remote --verbose [9ms]
2023-11-10 16:28:22.248 [info] > git config --get commit.template [8ms]
2023-11-10 16:28:22.248 [info] > git for-each-ref --format=%(refname)%00%(upstream:short)%00%(objectname) refs/heads/master refs/remotes/master [1ms]
2023-11-10 16:28:22.270 [info] > git status -z -uall [14ms]
2023-11-10 16:28:27.299 [warning] getRemotes() - ENOENT: no such file or directory, open '/home/xdb/--git-common-dir/config'
2023-11-10 16:28:27.308 [info] > git remote --verbose [9ms]
2023-11-10 16:28:27.309 [info] > git config --get commit.template [2ms]
2023-11-10 16:28:27.318 [info] > git for-each-ref --format=%(refname)%00%(upstream:short)%00%(objectname) refs/heads/master refs/remotes/master [2ms]
2023-11-10 16:28:27.340 [info] > git status -z -uall [14ms]
2023-11-10 16:28:29.967 [info] > git stash list [30ms]
2023-11-10 16:28:32.373 [warning] getRemotes() - ENOENT: no such file or directory, open '/home/xdb/--git-common-dir/config'
2023-11-10 16:28:32.382 [info] > git remote --verbose [9ms]
2023-11-10 16:28:32.382 [info] > git config --get commit.template [1ms]
2023-11-10 16:28:32.393 [info] > git for-each-ref --format=%(refname)%00%(upstream:short)%00%(objectname) refs/heads/master refs/remotes/master [3ms]
2023-11-10 16:28:32.417 [info] > git status -z -uall [15ms]
2023-11-10 16:28:37.447 [warning] getRemotes() - ENOENT: no such file or directory, open '/home/xdb/--git-common-dir/config'
2023-11-10 16:28:37.456 [info] > git remote --verbose [8ms]
2023-11-10 16:28:37.456 [info] > git config --get commit.template [1ms]
2023-11-10 16:28:37.465 [info] > git for-each-ref --format=%(refname)%00%(upstream:short)%00%(objectname) refs/heads/master refs/remotes/master [1ms]
2023-11-10 16:28:37.487 [info] > git status -z -uall [13ms]
2023-11-10 16:28:42.520 [warning] getRemotes() - ENOENT: no such file or directory, open '/home/xdb/--git-common-dir/config'
2023-11-10 16:28:42.528 [info] > git remote --verbose [9ms]
2023-11-10 16:28:42.528 [info] > git config --get commit.template [1ms]
2023-11-10 16:28:42.536 [info] > git for-each-ref --format=%(refname)%00%(upstream:short)%00%(objectname) refs/heads/master refs/remotes/master [1ms]
2023-11-10 16:28:42.557 [info] > git status -z -uall [14ms]
2023-11-10 16:28:47.586 [warning] getRemotes() - ENOENT: no such file or directory, open '/home/xdb/--git-common-dir/config'
2023-11-10 16:28:47.594 [info] > git remote --verbose [7ms]
2023-11-10 16:28:47.594 [info] > git config --get commit.template [1ms]
2023-11-10 16:28:47.602 [info] > git for-each-ref --format=%(refname)%00%(upstream:short)%00%(objectname) refs/heads/master refs/remotes/master [2ms]
2023-11-10 16:28:47.629 [info] > git status -z -uall [21ms]
2023-11-10 16:28:50.704 [info] > git check-ignore -v -z --stdin [2ms]
2023-11-10 16:28:52.663 [warning] getRemotes() - ENOENT: no such file or directory, open '/home/xdb/--git-common-dir/config'
2023-11-10 16:28:52.670 [info] > git remote --verbose [7ms]
2023-11-10 16:28:52.671 [info] > git config --get commit.template [2ms]
2023-11-10 16:28:52.678 [info] > git for-each-ref --format=%(refname)%00%(upstream:short)%00%(objectname) refs/heads/master refs/remotes/master [1ms]
2023-11-10 16:28:52.697 [info] > git status -z -uall [13ms]
2023-11-10 16:28:53.580 [info] > git -c user.useConfigOnly=true commit --quiet --allow-empty-message --file - [5ms]
2023-11-10 16:28:53.581 [info] 
*** Please tell me who you are.

Run

  git config --global user.email "you@example.com"
  git config --global user.name "Your Name"

to set your account's default identity.
Omit --global to set the identity only in this repository.

fatal: empty ident name (for <xdb@VM-12-8-centos.(none)>) not allowed
2023-11-10 16:28:53.589 [info] > git config --get-all user.name [1ms]
2023-11-10 16:28:53.595 [warning] getRemotes() - ENOENT: no such file or directory, open '/home/xdb/--git-common-dir/config'
2023-11-10 16:28:53.603 [info] > git remote --verbose [7ms]
2023-11-10 16:28:53.603 [info] > git config --get commit.template [1ms]
2023-11-10 16:28:53.610 [info] > git for-each-ref --format=%(refname)%00%(upstream:short)%00%(objectname) refs/heads/master refs/remotes/master [1ms]
2023-11-10 16:28:53.629 [info] > git status -z -uall [13ms]
2023-11-10 16:30:24.021 [warning] getRemotes() - ENOENT: no such file or directory, open '/home/xdb/--git-common-dir/config'
2023-11-10 16:30:24.028 [info] > git config --get commit.template [2ms]
2023-11-10 16:30:24.028 [info] > git remote --verbose [7ms]
2023-11-10 16:30:24.029 [info] > git fetch [14ms]
2023-11-10 16:30:24.029 [info] fatal: No remote repository specified.  Please, specify either a URL or a
remote name from which new revisions should be fetched.
2023-11-10 16:30:24.034 [warning] getRemotes() - ENOENT: no such file or directory, open '/home/xdb/--git-common-dir/config'
2023-11-10 16:30:24.045 [info] > git remote --verbose [11ms]
2023-11-10 16:30:24.046 [info] > git for-each-ref --format=%(refname)%00%(upstream:short)%00%(objectname) refs/heads/master refs/remotes/master [2ms]
2023-11-10 16:30:24.047 [info] > git config --get commit.template [8ms]
2023-11-10 16:30:24.053 [info] > git for-each-ref --format=%(refname)%00%(upstream:short)%00%(objectname) refs/heads/master refs/remotes/master [1ms]
2023-11-10 16:30:24.073 [info] > git status -z -uall [15ms]
2023-11-10 16:30:29.056 [warning] getRemotes() - ENOENT: no such file or directory, open '/home/xdb/--git-common-dir/config'
2023-11-10 16:30:29.064 [info] > git remote --verbose [8ms]
2023-11-10 16:30:29.065 [info] > git config --get commit.template [2ms]
2023-11-10 16:30:29.072 [info] > git for-each-ref --format=%(refname)%00%(upstream:short)%00%(objectname) refs/heads/master refs/remotes/master [1ms]
2023-11-10 16:30:29.092 [info] > git status -z -uall [13ms]
2023-11-10 16:30:31.323 [info] > git check-ignore -v -z --stdin [6ms]
2023-11-10 16:30:34.124 [warning] getRemotes() - ENOENT: no such file or directory, open '/home/xdb/--git-common-dir/config'
2023-11-10 16:30:34.131 [info] > git remote --verbose [7ms]
2023-11-10 16:30:34.132 [info] > git config --get commit.template [2ms]
2023-11-10 16:30:34.139 [info] > git for-each-ref --format=%(refname)%00%(upstream:short)%00%(objectname) refs/heads/master refs/remotes/master [1ms]
2023-11-10 16:30:34.159 [info] > git status -z -uall [14ms]
2023-11-10 16:30:39.190 [warning] getRemotes() - ENOENT: no such file or directory, open '/home/xdb/--git-common-dir/config'
2023-11-10 16:30:39.197 [info] > git remote --verbose [8ms]
2023-11-10 16:30:39.197 [info] > git config --get commit.template [1ms]
2023-11-10 16:30:39.205 [info] > git for-each-ref --format=%(refname)%00%(upstream:short)%00%(objectname) refs/heads/master refs/remotes/master [1ms]
2023-11-10 16:30:39.224 [info] > git status -z -uall [13ms]
2023-11-10 16:30:39.256 [info] > git check-ignore -v -z --stdin [2ms]
2023-11-10 16:30:44.256 [warning] getRemotes() - ENOENT: no such file or directory, open '/home/xdb/--git-common-dir/config'
2023-11-10 16:30:44.264 [info] > git remote --verbose [8ms]
2023-11-10 16:30:44.264 [info] > git config --get commit.template [1ms]
2023-11-10 16:30:44.272 [info] > git for-each-ref --format=%(refname)%00%(upstream:short)%00%(objectname) refs/heads/master refs/remotes/master [1ms]
2023-11-10 16:30:44.292 [info] > git status -z -uall [14ms]
2023-11-10 16:30:49.326 [warning] getRemotes() - ENOENT: no such file or directory, open '/home/xdb/--git-common-dir/config'
2023-11-10 16:30:49.335 [info] > git remote --verbose [10ms]
2023-11-10 16:30:49.336 [info] > git config --get commit.template [1ms]
2023-11-10 16:30:49.345 [info] > git for-each-ref --format=%(refname)%00%(upstream:short)%00%(objectname) refs/heads/master refs/remotes/master [1ms]
2023-11-10 16:30:49.366 [info] > git status -z -uall [15ms]
2023-11-10 16:30:54.397 [warning] getRemotes() - ENOENT: no such file or directory, open '/home/xdb/--git-common-dir/config'
2023-11-10 16:30:54.405 [info] > git remote --verbose [8ms]
2023-11-10 16:30:54.413 [info] > git config --get commit.template [9ms]
2023-11-10 16:30:54.413 [info] > git for-each-ref --format=%(refname)%00%(upstream:short)%00%(objectname) refs/heads/master refs/remotes/master [1ms]
2023-11-10 16:30:54.435 [info] > git status -z -uall [14ms]
2023-11-10 16:30:59.470 [warning] getRemotes() - ENOENT: no such file or directory, open '/home/xdb/--git-common-dir/config'
2023-11-10 16:30:59.478 [info] > git remote --verbose [7ms]
2023-11-10 16:30:59.478 [info] > git config --get commit.template [1ms]
2023-11-10 16:30:59.486 [info] > git for-each-ref --format=%(refname)%00%(upstream:short)%00%(objectname) refs/heads/master refs/remotes/master [1ms]
2023-11-10 16:30:59.510 [info] > git status -z -uall [18ms]
2023-11-10 16:31:04.540 [warning] getRemotes() - ENOENT: no such file or directory, open '/home/xdb/--git-common-dir/config'
2023-11-10 16:31:04.547 [info] > git remote --verbose [8ms]
2023-11-10 16:31:04.548 [info] > git config --get commit.template [2ms]
2023-11-10 16:31:04.555 [info] > git for-each-ref --format=%(refname)%00%(upstream:short)%00%(objectname) refs/heads/master refs/remotes/master [1ms]
2023-11-10 16:31:04.575 [info] > git status -z -uall [14ms]
2023-11-10 16:31:09.606 [warning] getRemotes() - ENOENT: no such file or directory, open '/home/xdb/--git-common-dir/config'
2023-11-10 16:31:09.614 [info] > git remote --verbose [8ms]
2023-11-10 16:31:09.614 [info] > git config --get commit.template [1ms]
2023-11-10 16:31:09.622 [info] > git for-each-ref --format=%(refname)%00%(upstream:short)%00%(objectname) refs/heads/master refs/remotes/master [1ms]
2023-11-10 16:31:09.642 [info] > git status -z -uall [13ms]
2023-11-10 16:31:14.676 [warning] getRemotes() - ENOENT: no such file or directory, open '/home/xdb/--git-common-dir/config'
2023-11-10 16:31:14.684 [info] > git remote --verbose [8ms]
2023-11-10 16:31:14.684 [info] > git config --get commit.template [1ms]
2023-11-10 16:31:14.692 [info] > git for-each-ref --format=%(refname)%00%(upstream:short)%00%(objectname) refs/heads/master refs/remotes/master [1ms]
2023-11-10 16:31:14.711 [info] > git status -z -uall [13ms]
2023-11-10 16:31:19.742 [warning] getRemotes() - ENOENT: no such file or directory, open '/home/xdb/--git-common-dir/config'
2023-11-10 16:31:19.750 [info] > git remote --verbose [7ms]
2023-11-10 16:31:19.757 [info] > git config --get commit.template [7ms]
2023-11-10 16:31:19.757 [info] > git for-each-ref --format=%(refname)%00%(upstream:short)%00%(objectname) refs/heads/master refs/remotes/master [1ms]
2023-11-10 16:31:19.776 [info] > git status -z -uall [13ms]
2023-11-10 16:31:24.806 [warning] getRemotes() - ENOENT: no such file or directory, open '/home/xdb/--git-common-dir/config'
2023-11-10 16:31:24.813 [info] > git remote --verbose [8ms]
2023-11-10 16:31:24.813 [info] > git config --get commit.template [1ms]
2023-11-10 16:31:24.820 [info] > git for-each-ref --format=%(refname)%00%(upstream:short)%00%(objectname) refs/heads/master refs/remotes/master [1ms]
2023-11-10 16:31:24.840 [info] > git status -z -uall [14ms]
2023-11-10 16:31:29.870 [warning] getRemotes() - ENOENT: no such file or directory, open '/home/xdb/--git-common-dir/config'
2023-11-10 16:31:29.878 [info] > git remote --verbose [7ms]
2023-11-10 16:31:29.878 [info] > git config --get commit.template [1ms]
2023-11-10 16:31:29.886 [info] > git for-each-ref --format=%(refname)%00%(upstream:short)%00%(objectname) refs/heads/master refs/remotes/master [1ms]
2023-11-10 16:31:29.905 [info] > git status -z -uall [14ms]
2023-11-10 16:34:05.654 [warning] getRemotes() - ENOENT: no such file or directory, open '/home/xdb/--git-common-dir/config'
2023-11-10 16:34:05.661 [info] > git remote --verbose [6ms]
2023-11-10 16:34:05.661 [info] > git fetch [14ms]
2023-11-10 16:34:05.661 [info] fatal: No remote repository specified.  Please, specify either a URL or a
remote name from which new revisions should be fetched.
2023-11-10 16:34:05.666 [warning] getRemotes() - ENOENT: no such file or directory, open '/home/xdb/--git-common-dir/config'
2023-11-10 16:34:05.671 [info] > git config --get commit.template [12ms]
2023-11-10 16:34:05.677 [info] > git remote --verbose [10ms]
2023-11-10 16:34:05.677 [info] > git config --get commit.template [6ms]
2023-11-10 16:34:05.683 [info] > git for-each-ref --format=%(refname)%00%(upstream:short)%00%(objectname) refs/heads/master refs/remotes/master [7ms]
2023-11-10 16:34:05.685 [info] > git for-each-ref --format=%(refname)%00%(upstream:short)%00%(objectname) refs/heads/master refs/remotes/master [4ms]
2023-11-10 16:34:05.703 [info] > git status -z -uall [13ms]
2023-11-10 16:34:08.549 [info] > git check-ignore -v -z --stdin [2ms]
2023-11-10 16:34:10.692 [warning] getRemotes() - ENOENT: no such file or directory, open '/home/xdb/--git-common-dir/config'
2023-11-10 16:34:10.699 [info] > git remote --verbose [6ms]
2023-11-10 16:34:10.699 [info] > git config --get commit.template [1ms]
2023-11-10 16:34:10.706 [info] > git for-each-ref --format=%(refname)%00%(upstream:short)%00%(objectname) refs/heads/master refs/remotes/master [1ms]
2023-11-10 16:34:10.727 [info] > git status -z -uall [15ms]
2023-11-10 16:34:12.873 [info] > git check-ignore -v -z --stdin [8ms]
2023-11-10 16:34:15.756 [warning] getRemotes() - ENOENT: no such file or directory, open '/home/xdb/--git-common-dir/config'
2023-11-10 16:34:15.763 [info] > git remote --verbose [7ms]
2023-11-10 16:34:15.769 [info] > git config --get commit.template [6ms]
2023-11-10 16:34:15.770 [info] > git for-each-ref --format=%(refname)%00%(upstream:short)%00%(objectname) refs/heads/master refs/remotes/master [1ms]
2023-11-10 16:34:15.790 [info] > git status -z -uall [14ms]
2023-11-10 16:34:20.819 [warning] getRemotes() - ENOENT: no such file or directory, open '/home/xdb/--git-common-dir/config'
2023-11-10 16:34:20.827 [info] > git remote --verbose [8ms]
2023-11-10 16:34:20.827 [info] > git config --get commit.template [1ms]
2023-11-10 16:34:20.834 [info] > git for-each-ref --format=%(refname)%00%(upstream:short)%00%(objectname) refs/heads/master refs/remotes/master [1ms]
2023-11-10 16:34:20.853 [info] > git status -z -uall [13ms]
2023-11-10 16:34:25.886 [warning] getRemotes() - ENOENT: no such file or directory, open '/home/xdb/--git-common-dir/config'
2023-11-10 16:34:25.894 [info] > git remote --verbose [8ms]
2023-11-10 16:34:25.900 [info] > git config --get commit.template [7ms]
2023-11-10 16:34:25.901 [info] > git for-each-ref --format=%(refname)%00%(upstream:short)%00%(objectname) refs/heads/master refs/remotes/master [1ms]
2023-11-10 16:34:25.920 [info] > git status -z -uall [13ms]
2023-11-10 16:34:30.950 [warning] getRemotes() - ENOENT: no such file or directory, open '/home/xdb/--git-common-dir/config'
2023-11-10 16:34:30.958 [info] > git remote --verbose [8ms]
2023-11-10 16:34:30.959 [info] > git config --get commit.template [1ms]
2023-11-10 16:34:30.966 [info] > git for-each-ref --format=%(refname)%00%(upstream:short)%00%(objectname) refs/heads/master refs/remotes/master [1ms]
2023-11-10 16:34:30.985 [info] > git status -z -uall [13ms]
2023-11-10 16:34:36.015 [warning] getRemotes() - ENOENT: no such file or directory, open '/home/xdb/--git-common-dir/config'
2023-11-10 16:34:36.022 [info] > git remote --verbose [7ms]
2023-11-10 16:34:36.022 [info] > git config --get commit.template [1ms]
2023-11-10 16:34:36.029 [info] > git for-each-ref --format=%(refname)%00%(upstream:short)%00%(objectname) refs/heads/master refs/remotes/master [1ms]
2023-11-10 16:34:36.049 [info] > git status -z -uall [14ms]
2023-11-10 16:34:38.995 [info] > git -c user.useConfigOnly=true commit --quiet --allow-empty-message --file - [6ms]
2023-11-10 16:34:38.995 [info] 
*** Please tell me who you are.

Run

  git config --global user.email "you@example.com"
  git config --global user.name "Your Name"

to set your account's default identity.
Omit --global to set the identity only in this repository.

fatal: empty ident name (for <xdb@VM-12-8-centos.(none)>) not allowed
2023-11-10 16:34:39.003 [info] > git config --get-all user.name [1ms]
2023-11-10 16:34:39.010 [warning] getRemotes() - ENOENT: no such file or directory, open '/home/xdb/--git-common-dir/config'
2023-11-10 16:34:39.016 [info] > git remote --verbose [6ms]
2023-11-10 16:34:39.022 [info] > git config --get commit.template [6ms]
2023-11-10 16:34:39.023 [info] > git for-each-ref --format=%(refname)%00%(upstream:short)%00%(objectname) refs/heads/master refs/remotes/master [1ms]
2023-11-10 16:34:39.042 [info] > git status -z -uall [13ms]
2023-11-10 16:34:41.078 [warning] getRemotes() - ENOENT: no such file or directory, open '/home/xdb/--git-common-dir/config'
2023-11-10 16:34:41.086 [info] > git remote --verbose [8ms]
2023-11-10 16:34:41.086 [info] > git config --get commit.template [1ms]
2023-11-10 16:34:41.094 [info] > git for-each-ref --format=%(refname)%00%(upstream:short)%00%(objectname) refs/heads/master refs/remotes/master [1ms]
2023-11-10 16:34:41.114 [info] > git status -z -uall [14ms]
2023-11-10 16:34:46.144 [warning] getRemotes() - ENOENT: no such file or directory, open '/home/xdb/--git-common-dir/config'
2023-11-10 16:34:46.152 [info] > git remote --verbose [8ms]
2023-11-10 16:34:46.153 [info] > git config --get commit.template [2ms]
2023-11-10 16:34:46.160 [info] > git for-each-ref --format=%(refname)%00%(upstream:short)%00%(objectname) refs/heads/master refs/remotes/master [1ms]
2023-11-10 16:34:46.180 [info] > git status -z -uall [13ms]
2023-11-10 16:34:51.209 [warning] getRemotes() - ENOENT: no such file or directory, open '/home/xdb/--git-common-dir/config'
2023-11-10 16:34:51.217 [info] > git remote --verbose [8ms]
2023-11-10 16:34:51.218 [info] > git config --get commit.template [2ms]
2023-11-10 16:34:51.225 [info] > git for-each-ref --format=%(refname)%00%(upstream:short)%00%(objectname) refs/heads/master refs/remotes/master [1ms]
2023-11-10 16:34:51.244 [info] > git status -z -uall [13ms]
2023-11-10 16:34:56.274 [warning] getRemotes() - ENOENT: no such file or directory, open '/home/xdb/--git-common-dir/config'
2023-11-10 16:34:56.281 [info] > git remote --verbose [7ms]
2023-11-10 16:34:56.282 [info] > git config --get commit.template [1ms]
2023-11-10 16:34:56.289 [info] > git for-each-ref --format=%(refname)%00%(upstream:short)%00%(objectname) refs/heads/master refs/remotes/master [2ms]
2023-11-10 16:34:56.309 [info] > git status -z -uall [15ms]
2023-11-10 16:35:00.538 [info] > git for-each-ref --sort -committerdate --format %(refname) %(objectname) %(*objectname) [2ms]
2023-11-10 16:35:01.338 [warning] getRemotes() - ENOENT: no such file or directory, open '/home/xdb/--git-common-dir/config'
2023-11-10 16:35:01.346 [info] > git remote --verbose [8ms]
2023-11-10 16:35:01.347 [info] > git config --get commit.template [1ms]
2023-11-10 16:35:01.355 [info] > git for-each-ref --format=%(refname)%00%(upstream:short)%00%(objectname) refs/heads/master refs/remotes/master [1ms]
2023-11-10 16:35:01.375 [info] > git status -z -uall [12ms]
2023-11-10 16:35:06.409 [warning] getRemotes() - ENOENT: no such file or directory, open '/home/xdb/--git-common-dir/config'
2023-11-10 16:35:06.418 [info] > git remote --verbose [9ms]
2023-11-10 16:35:06.418 [info] > git config --get commit.template [1ms]
2023-11-10 16:35:06.427 [info] > git for-each-ref --format=%(refname)%00%(upstream:short)%00%(objectname) refs/heads/master refs/remotes/master [1ms]
2023-11-10 16:35:06.447 [info] > git status -z -uall [13ms]
2023-11-10 16:35:11.476 [warning] getRemotes() - ENOENT: no such file or directory, open '/home/xdb/--git-common-dir/config'
2023-11-10 16:35:11.484 [info] > git remote --verbose [8ms]
2023-11-10 16:35:11.484 [info] > git config --get commit.template [1ms]
2023-11-10 16:35:11.492 [info] > git for-each-ref --format=%(refname)%00%(upstream:short)%00%(objectname) refs/heads/master refs/remotes/master [1ms]
2023-11-10 16:35:11.513 [info] > git status -z -uall [14ms]
2023-11-10 16:35:16.544 [warning] getRemotes() - ENOENT: no such file or directory, open '/home/xdb/--git-common-dir/config'
2023-11-10 16:35:16.552 [info] > git remote --verbose [8ms]
2023-11-10 16:35:16.552 [info] > git config --get commit.template [1ms]
2023-11-10 16:35:16.560 [info] > git for-each-ref --format=%(refname)%00%(upstream:short)%00%(objectname) refs/heads/master refs/remotes/master [2ms]
2023-11-10 16:35:16.579 [info] > git status -z -uall [13ms]
2023-11-10 16:35:21.610 [warning] getRemotes() - ENOENT: no such file or directory, open '/home/xdb/--git-common-dir/config'
2023-11-10 16:35:21.619 [info] > git remote --verbose [9ms]
2023-11-10 16:35:21.619 [info] > git config --get commit.template [1ms]
2023-11-10 16:35:21.627 [info] > git for-each-ref --format=%(refname)%00%(upstream:short)%00%(objectname) refs/heads/master refs/remotes/master [1ms]
2023-11-10 16:35:21.647 [info] > git status -z -uall [13ms]
2023-11-10 16:35:26.676 [warning] getRemotes() - ENOENT: no such file or directory, open '/home/xdb/--git-common-dir/config'
2023-11-10 16:35:26.685 [info] > git remote --verbose [8ms]
2023-11-10 16:35:26.685 [info] > git config --get commit.template [2ms]
2023-11-10 16:35:26.693 [info] > git for-each-ref --format=%(refname)%00%(upstream:short)%00%(objectname) refs/heads/master refs/remotes/master [2ms]
2023-11-10 16:35:26.712 [info] > git status -z -uall [13ms]
2023-11-10 16:35:31.742 [warning] getRemotes() - ENOENT: no such file or directory, open '/home/xdb/--git-common-dir/config'
2023-11-10 16:35:31.751 [info] > git remote --verbose [9ms]
2023-11-10 16:35:31.758 [info] > git config --get commit.template [8ms]
2023-11-10 16:35:31.758 [info] > git for-each-ref --format=%(refname)%00%(upstream:short)%00%(objectname) refs/heads/master refs/remotes/master [1ms]
2023-11-10 16:35:31.778 [info] > git status -z -uall [14ms]
2023-11-10 16:35:32.214 [info] > git check-ignore -v -z --stdin [2ms]
2023-11-10 16:35:36.808 [warning] getRemotes() - ENOENT: no such file or directory, open '/home/xdb/--git-common-dir/config'
2023-11-10 16:35:36.816 [info] > git remote --verbose [7ms]
2023-11-10 16:35:36.816 [info] > git config --get commit.template [1ms]
2023-11-10 16:35:36.824 [info] > git for-each-ref --format=%(refname)%00%(upstream:short)%00%(objectname) refs/heads/master refs/remotes/master [2ms]
2023-11-10 16:35:36.843 [info] > git status -z -uall [13ms]
2023-11-10 16:35:41.874 [warning] getRemotes() - ENOENT: no such file or directory, open '/home/xdb/--git-common-dir/config'
2023-11-10 16:35:41.883 [info] > git remote --verbose [8ms]
2023-11-10 16:35:41.883 [info] > git config --get commit.template [1ms]
2023-11-10 16:35:41.891 [info] > git for-each-ref --format=%(refname)%00%(upstream:short)%00%(objectname) refs/heads/master refs/remotes/master [1ms]
2023-11-10 16:35:41.911 [info] > git status -z -uall [14ms]
2023-11-10 16:35:46.940 [warning] getRemotes() - ENOENT: no such file or directory, open '/home/xdb/--git-common-dir/config'
2023-11-10 16:35:46.948 [info] > git remote --verbose [8ms]
2023-11-10 16:35:46.949 [info] > git config --get commit.template [2ms]
2023-11-10 16:35:46.956 [info] > git for-each-ref --format=%(refname)%00%(upstream:short)%00%(objectname) refs/heads/master refs/remotes/master [1ms]
2023-11-10 16:35:46.976 [info] > git status -z -uall [13ms]
2023-11-10 16:35:52.007 [warning] getRemotes() - ENOENT: no such file or directory, open '/home/xdb/--git-common-dir/config'
2023-11-10 16:35:52.016 [info] > git remote --verbose [10ms]
2023-11-10 16:35:52.024 [info] > git config --get commit.template [9ms]
2023-11-10 16:35:52.025 [info] > git for-each-ref --format=%(refname)%00%(upstream:short)%00%(objectname) refs/heads/master refs/remotes/master [1ms]
2023-11-10 16:35:52.046 [info] > git status -z -uall [14ms]
2023-11-10 16:36:07.697 [warning] getRemotes() - ENOENT: no such file or directory, open '/home/xdb/--git-common-dir/config'
2023-11-10 16:36:07.705 [info] > git remote --verbose [8ms]
2023-11-10 16:36:07.705 [info] > git config --get commit.template [1ms]
2023-11-10 16:36:07.714 [info] > git for-each-ref --format=%(refname)%00%(upstream:short)%00%(objectname) refs/heads/master refs/remotes/master [2ms]
2023-11-10 16:36:07.734 [info] > git status -z -uall [13ms]
2023-11-10 16:36:16.079 [warning] getRemotes() - ENOENT: no such file or directory, open '/home/xdb/--git-common-dir/config'
2023-11-10 16:36:16.088 [info] > git remote --verbose [9ms]
2023-11-10 16:36:16.089 [info] > git config --get commit.template [2ms]
2023-11-10 16:36:16.097 [info] > git for-each-ref --format=%(refname)%00%(upstream:short)%00%(objectname) refs/heads/master refs/remotes/master [1ms]
2023-11-10 16:36:16.118 [info] > git status -z -uall [14ms]
2023-11-10 16:36:21.148 [warning] getRemotes() - ENOENT: no such file or directory, open '/home/xdb/--git-common-dir/config'
2023-11-10 16:36:21.155 [info] > git remote --verbose [8ms]
2023-11-10 16:36:21.162 [info] > git config --get commit.template [7ms]
2023-11-10 16:36:21.163 [info] > git for-each-ref --format=%(refname)%00%(upstream:short)%00%(objectname) refs/heads/master refs/remotes/master [1ms]
2023-11-10 16:36:21.182 [info] > git status -z -uall [13ms]
2023-11-10 16:36:24.628 [info] > git check-ignore -v -z --stdin [2ms]
2023-11-10 16:36:26.221 [warning] getRemotes() - ENOENT: no such file or directory, open '/home/xdb/--git-common-dir/config'
2023-11-10 16:36:26.229 [info] > git remote --verbose [8ms]
2023-11-10 16:36:26.229 [info] > git config --get commit.template [1ms]
2023-11-10 16:36:26.237 [info] > git for-each-ref --format=%(refname)%00%(upstream:short)%00%(objectname) refs/heads/master refs/remotes/master [1ms]
2023-11-10 16:36:26.258 [info] > git status -z -uall [14ms]
2023-11-10 16:36:29.957 [info] > git check-ignore -v -z --stdin [2ms]
2023-11-10 16:36:31.294 [warning] getRemotes() - ENOENT: no such file or directory, open '/home/xdb/--git-common-dir/config'
2023-11-10 16:36:31.303 [info] > git remote --verbose [10ms]
2023-11-10 16:36:31.303 [info] > git config --get commit.template [1ms]
2023-11-10 16:36:31.313 [info] > git for-each-ref --format=%(refname)%00%(upstream:short)%00%(objectname) refs/heads/master refs/remotes/master [2ms]
2023-11-10 16:36:31.334 [info] > git status -z -uall [13ms]
2023-11-10 16:36:36.363 [warning] getRemotes() - ENOENT: no such file or directory, open '/home/xdb/--git-common-dir/config'
2023-11-10 16:36:36.371 [info] > git remote --verbose [7ms]
2023-11-10 16:36:36.371 [info] > git config --get commit.template [1ms]
2023-11-10 16:36:36.379 [info] > git for-each-ref --format=%(refname)%00%(upstream:short)%00%(objectname) refs/heads/master refs/remotes/master [1ms]
2023-11-10 16:36:36.399 [info] > git status -z -uall [14ms]
2023-11-10 16:36:36.925 [info] > git log --format=%H%n%aN%n%aE%n%at%n%ct%n%P%n%D%n%B -z -n120 -- /home/xdb/test202311/tools/public.cpp [1ms]
2023-11-10 16:36:36.926 [info] fatal: bad default revision 'HEAD'
2023-11-10 16:36:39.637 [info] > git log --format=%H%n%aN%n%aE%n%at%n%ct%n%P%n%D%n%B -z -n120 -- /home/xdb/test202311/tools/public.cpp [1ms]
2023-11-10 16:36:39.637 [info] fatal: bad default revision 'HEAD'
2023-11-10 16:36:41.428 [warning] getRemotes() - ENOENT: no such file or directory, open '/home/xdb/--git-common-dir/config'
2023-11-10 16:36:41.437 [info] > git remote --verbose [8ms]
2023-11-10 16:36:41.437 [info] > git config --get commit.template [1ms]
2023-11-10 16:36:41.445 [info] > git for-each-ref --format=%(refname)%00%(upstream:short)%00%(objectname) refs/heads/master refs/remotes/master [1ms]
2023-11-10 16:36:41.470 [info] > git status -z -uall [17ms]
