2023-11-10 16:41:31.531 [info] Log level: Info
2023-11-10 16:41:31.531 [info] Validating found git in: "git"
2023-11-10 16:41:31.531 [info] Using git "1.8.3.1" from "git"
2023-11-10 16:41:31.531 [info] > git rev-parse --show-toplevel [31ms]
2023-11-10 16:41:31.531 [info] > git rev-parse --git-dir --git-common-dir [2ms]
2023-11-10 16:41:31.531 [info] Open repository: /home/xdb
2023-11-10 16:41:31.531 [warning] getRemotes() - ENOENT: no such file or directory, open '/home/xdb/--git-common-dir/config'
2023-11-10 16:41:31.531 [info] > git config --get commit.template [6ms]
2023-11-10 16:41:31.531 [info] > git remote --verbose [12ms]
2023-11-10 16:41:31.531 [info] > git fetch [19ms]
2023-11-10 16:41:31.531 [info] fatal: No remote repository specified.  Please, specify either a URL or a
remote name from which new revisions should be fetched.
2023-11-10 16:41:31.531 [warning] getRemotes() - ENOENT: no such file or directory, open '/home/xdb/--git-common-dir/config'
2023-11-10 16:41:31.531 [info] > git rev-parse --show-toplevel [15ms]
2023-11-10 16:41:31.531 [info] > git config --get commit.template [20ms]
2023-11-10 16:41:31.531 [info] > git remote --verbose [25ms]
2023-11-10 16:41:31.531 [info] > git rev-parse --show-toplevel [2ms]
2023-11-10 16:41:31.531 [info] > git for-each-ref --format=%(refname)%00%(upstream:short)%00%(objectname) refs/heads/master refs/remotes/master [8ms]
2023-11-10 16:41:31.531 [warning] getRemotes() - ENOENT: no such file or directory, open '/home/xdb/--git-common-dir/config'
2023-11-10 16:41:31.531 [info] > git remote --verbose [5ms]
2023-11-10 16:41:31.531 [info] > git rev-parse --show-toplevel [10ms]
2023-11-10 16:41:31.531 [info] > git for-each-ref --format=%(refname)%00%(upstream:short)%00%(objectname) refs/heads/master refs/remotes/master [16ms]
2023-11-10 16:41:31.531 [info] > git config --get commit.template [7ms]
2023-11-10 16:41:31.531 [info] > git rev-parse --show-toplevel [12ms]
2023-11-10 16:41:31.531 [info] > git for-each-ref --format=%(refname)%00%(upstream:short)%00%(objectname) refs/heads/master refs/remotes/master [14ms]
2023-11-10 16:41:31.531 [info] > git rev-parse --show-toplevel [7ms]
2023-11-10 16:41:31.531 [info] > git status -z -uall [22ms]
2023-11-10 16:41:31.531 [info] > git rev-parse --show-toplevel [15ms]
2023-11-10 16:41:31.531 [info] > git rev-parse --show-toplevel [14ms]
2023-11-10 16:41:31.531 [info] > git show --textconv HEAD:test202311/tools/public.cpp [345ms]
2023-11-10 16:41:31.531 [info] > git show --textconv :test202311/tools/public.cpp [335ms]
2023-11-10 16:41:31.531 [info] > git ls-files --stage -- /home/xdb/test202311/tools/public.cpp [315ms]
2023-11-10 16:41:31.531 [info] > git ls-tree -l HEAD -- /home/xdb/test202311/tools/public.cpp [337ms]
2023-11-10 16:41:31.531 [info] fatal: Not a valid object name HEAD
2023-11-10 16:41:31.532 [info] > git cat-file -s 24f4a9bc44d7a617314afc0efe10d0a620bed13c [8ms]
2023-11-10 16:41:31.764 [info] > git ls-tree -l HEAD -- /home/xdb/test202311/tools/public.cpp [8ms]
2023-11-10 16:41:31.764 [info] fatal: Not a valid object name HEAD
2023-11-10 16:41:31.765 [info] > git ls-files --stage -- /home/xdb/test202311/tools/public.cpp [3ms]
2023-11-10 16:41:31.772 [info] > git cat-file -s 24f4a9bc44d7a617314afc0efe10d0a620bed13c [1ms]
2023-11-10 16:41:32.046 [info] > git check-ignore -v -z --stdin [2ms]
2023-11-10 16:41:32.697 [info] > git show --textconv :test202311/tools/public.cpp [9ms]
2023-11-10 16:41:32.699 [info] > git ls-files --stage -- /home/xdb/test202311/tools/public.cpp [3ms]
2023-11-10 16:41:32.707 [info] > git cat-file -s 24f4a9bc44d7a617314afc0efe10d0a620bed13c [3ms]
2023-11-10 16:41:35.632 [warning] getRemotes() - ENOENT: no such file or directory, open '/home/xdb/--git-common-dir/config'
2023-11-10 16:41:35.638 [info] > git remote --verbose [7ms]
2023-11-10 16:41:35.639 [info] > git config --get commit.template [2ms]
2023-11-10 16:41:35.646 [info] > git for-each-ref --format=%(refname)%00%(upstream:short)%00%(objectname) refs/heads/master refs/remotes/master [2ms]
2023-11-10 16:41:35.665 [info] > git status -z -uall [13ms]
2023-11-10 16:41:39.282 [info] > git log --format=%H%n%aN%n%aE%n%at%n%ct%n%P%n%D%n%B -z -n120 -- /home/xdb/test202311/tools/public.cpp [1ms]
2023-11-10 16:41:39.283 [info] fatal: bad default revision 'HEAD'
2023-11-10 16:41:39.910 [info] > git check-ignore -v -z --stdin [3ms]
2023-11-10 16:41:40.705 [warning] getRemotes() - ENOENT: no such file or directory, open '/home/xdb/--git-common-dir/config'
2023-11-10 16:41:40.712 [info] > git remote --verbose [8ms]
2023-11-10 16:41:40.712 [info] > git config --get commit.template [1ms]
2023-11-10 16:41:40.720 [info] > git for-each-ref --format=%(refname)%00%(upstream:short)%00%(objectname) refs/heads/master refs/remotes/master [2ms]
2023-11-10 16:41:40.740 [info] > git status -z -uall [15ms]
2023-11-10 16:41:41.653 [info] > git check-ignore -v -z --stdin [2ms]
2023-11-10 16:41:45.772 [warning] getRemotes() - ENOENT: no such file or directory, open '/home/xdb/--git-common-dir/config'
2023-11-10 16:41:45.780 [info] > git remote --verbose [8ms]
2023-11-10 16:41:45.781 [info] > git config --get commit.template [2ms]
2023-11-10 16:41:45.789 [info] > git for-each-ref --format=%(refname)%00%(upstream:short)%00%(objectname) refs/heads/master refs/remotes/master [1ms]
2023-11-10 16:41:45.811 [info] > git status -z -uall [15ms]
2023-11-10 16:41:50.844 [warning] getRemotes() - ENOENT: no such file or directory, open '/home/xdb/--git-common-dir/config'
2023-11-10 16:41:50.851 [info] > git remote --verbose [8ms]
2023-11-10 16:41:50.852 [info] > git config --get commit.template [2ms]
2023-11-10 16:41:50.859 [info] > git for-each-ref --format=%(refname)%00%(upstream:short)%00%(objectname) refs/heads/master refs/remotes/master [1ms]
2023-11-10 16:41:50.881 [info] > git status -z -uall [15ms]
2023-11-10 16:41:55.919 [warning] getRemotes() - ENOENT: no such file or directory, open '/home/xdb/--git-common-dir/config'
2023-11-10 16:41:55.927 [info] > git remote --verbose [9ms]
2023-11-10 16:41:55.927 [info] > git config --get commit.template [1ms]
2023-11-10 16:41:55.936 [info] > git for-each-ref --format=%(refname)%00%(upstream:short)%00%(objectname) refs/heads/master refs/remotes/master [1ms]
2023-11-10 16:41:55.957 [info] > git status -z -uall [14ms]
2023-11-10 16:42:00.988 [warning] getRemotes() - ENOENT: no such file or directory, open '/home/xdb/--git-common-dir/config'
2023-11-10 16:42:00.996 [info] > git remote --verbose [9ms]
2023-11-10 16:42:00.997 [info] > git config --get commit.template [2ms]
2023-11-10 16:42:01.006 [info] > git for-each-ref --format=%(refname)%00%(upstream:short)%00%(objectname) refs/heads/master refs/remotes/master [1ms]
2023-11-10 16:42:01.028 [info] > git status -z -uall [14ms]
2023-11-10 16:42:06.062 [warning] getRemotes() - ENOENT: no such file or directory, open '/home/xdb/--git-common-dir/config'
2023-11-10 16:42:06.071 [info] > git remote --verbose [9ms]
2023-11-10 16:42:06.071 [info] > git config --get commit.template [1ms]
2023-11-10 16:42:06.079 [info] > git for-each-ref --format=%(refname)%00%(upstream:short)%00%(objectname) refs/heads/master refs/remotes/master [1ms]
2023-11-10 16:42:06.100 [info] > git status -z -uall [13ms]
2023-11-10 16:42:08.865 [info] > git check-ignore -v -z --stdin [2ms]
2023-11-10 16:42:09.558 [info] > git log --format=%H%n%aN%n%aE%n%at%n%ct%n%P%n%D%n%B -z -n120 -- /home/xdb/test202311/tools/public.cpp [1ms]
2023-11-10 16:42:09.559 [info] fatal: bad default revision 'HEAD'
