2023-11-10 16:42:21.904 [info] Log level: Info
2023-11-10 16:42:21.904 [info] Validating found git in: "git"
2023-11-10 16:42:21.904 [info] Using git "1.8.3.1" from "git"
2023-11-10 16:42:21.904 [info] > git rev-parse --show-toplevel [30ms]
2023-11-10 16:42:21.904 [info] > git rev-parse --git-dir --git-common-dir [1ms]
2023-11-10 16:42:21.904 [info] Open repository: /home/xdb
2023-11-10 16:42:21.904 [warning] getRemotes() - ENOENT: no such file or directory, open '/home/xdb/--git-common-dir/config'
2023-11-10 16:42:21.904 [info] > git fetch [25ms]
2023-11-10 16:42:21.904 [info] fatal: No remote repository specified.  Please, specify either a URL or a
remote name from which new revisions should be fetched.
2023-11-10 16:42:21.904 [warning] getRemotes() - ENOENT: no such file or directory, open '/home/xdb/--git-common-dir/config'
2023-11-10 16:42:21.904 [info] > git rev-parse --show-toplevel [16ms]
2023-11-10 16:42:21.904 [info] > git config --get commit.template [24ms]
2023-11-10 16:42:21.904 [info] > git remote --verbose [32ms]
2023-11-10 16:42:21.904 [info] > git config --get commit.template [4ms]
2023-11-10 16:42:21.904 [info] > git remote --verbose [11ms]
2023-11-10 16:42:21.904 [info] > git rev-parse --show-toplevel [6ms]
2023-11-10 16:42:21.904 [info] > git for-each-ref --format=%(refname)%00%(upstream:short)%00%(objectname) refs/heads/master refs/remotes/master [6ms]
2023-11-10 16:42:21.904 [warning] getRemotes() - ENOENT: no such file or directory, open '/home/xdb/--git-common-dir/config'
2023-11-10 16:42:21.904 [info] > git for-each-ref --format=%(refname)%00%(upstream:short)%00%(objectname) refs/heads/master refs/remotes/master [50ms]
2023-11-10 16:42:21.904 [info] > git config --get commit.template [9ms]
2023-11-10 16:42:21.904 [info] > git remote --verbose [14ms]
2023-11-10 16:42:21.904 [info] > git rev-parse --show-toplevel [29ms]
2023-11-10 16:42:21.904 [info] > git rev-parse --show-toplevel [7ms]
2023-11-10 16:42:21.904 [info] > git for-each-ref --format=%(refname)%00%(upstream:short)%00%(objectname) refs/heads/master refs/remotes/master [8ms]
2023-11-10 16:42:21.904 [info] > git rev-parse --show-toplevel [8ms]
2023-11-10 16:42:21.904 [info] > git rev-parse --show-toplevel [1ms]
2023-11-10 16:42:21.904 [info] > git status -z -uall [26ms]
2023-11-10 16:42:21.904 [info] > git rev-parse --show-toplevel [45ms]
2023-11-10 16:42:21.904 [info] > git rev-parse --show-toplevel [2ms]
2023-11-10 16:42:22.275 [info] > git log --format=%H%n%aN%n%aE%n%at%n%ct%n%P%n%D%n%B -z -n120 -- /home/xdb/test202311/tools/public.cpp [9ms]
2023-11-10 16:42:22.275 [info] fatal: bad default revision 'HEAD'
2023-11-10 16:42:22.418 [info] > git check-ignore -v -z --stdin [3ms]
2023-11-10 16:42:22.642 [info] > git show --textconv :test202311/tools/public.cpp [9ms]
2023-11-10 16:42:22.644 [info] > git ls-files --stage -- /home/xdb/test202311/tools/public.cpp [3ms]
2023-11-10 16:42:22.653 [info] > git cat-file -s 24f4a9bc44d7a617314afc0efe10d0a620bed13c [1ms]
2023-11-10 16:42:23.426 [info] > git ls-files --stage -- /home/xdb/test202311/tools/public.cpp [3ms]
2023-11-10 16:42:23.434 [info] > git cat-file -s 24f4a9bc44d7a617314afc0efe10d0a620bed13c [1ms]
2023-11-10 16:42:23.457 [info] > git show --textconv :test202311/tools/public.cpp [3ms]
2023-11-10 16:42:26.989 [warning] getRemotes() - ENOENT: no such file or directory, open '/home/xdb/--git-common-dir/config'
2023-11-10 16:42:26.996 [info] > git remote --verbose [7ms]
2023-11-10 16:42:26.997 [info] > git config --get commit.template [2ms]
2023-11-10 16:42:27.004 [info] > git for-each-ref --format=%(refname)%00%(upstream:short)%00%(objectname) refs/heads/master refs/remotes/master [1ms]
2023-11-10 16:42:27.025 [info] > git status -z -uall [14ms]
2023-11-10 16:42:32.066 [warning] getRemotes() - ENOENT: no such file or directory, open '/home/xdb/--git-common-dir/config'
2023-11-10 16:42:32.073 [info] > git remote --verbose [7ms]
2023-11-10 16:42:32.074 [info] > git config --get commit.template [2ms]
2023-11-10 16:42:32.081 [info] > git for-each-ref --format=%(refname)%00%(upstream:short)%00%(objectname) refs/heads/master refs/remotes/master [1ms]
2023-11-10 16:42:32.103 [info] > git status -z -uall [14ms]
2023-11-10 16:42:37.137 [warning] getRemotes() - ENOENT: no such file or directory, open '/home/xdb/--git-common-dir/config'
2023-11-10 16:42:37.145 [info] > git remote --verbose [8ms]
2023-11-10 16:42:37.145 [info] > git config --get commit.template [1ms]
2023-11-10 16:42:37.153 [info] > git for-each-ref --format=%(refname)%00%(upstream:short)%00%(objectname) refs/heads/master refs/remotes/master [1ms]
2023-11-10 16:42:37.179 [info] > git status -z -uall [20ms]
2023-11-10 16:42:42.213 [warning] getRemotes() - ENOENT: no such file or directory, open '/home/xdb/--git-common-dir/config'
2023-11-10 16:42:42.220 [info] > git remote --verbose [7ms]
2023-11-10 16:42:42.220 [info] > git config --get commit.template [1ms]
2023-11-10 16:42:42.227 [info] > git for-each-ref --format=%(refname)%00%(upstream:short)%00%(objectname) refs/heads/master refs/remotes/master [1ms]
2023-11-10 16:42:42.253 [info] > git status -z -uall [19ms]
2023-11-10 16:42:47.284 [warning] getRemotes() - ENOENT: no such file or directory, open '/home/xdb/--git-common-dir/config'
2023-11-10 16:42:47.291 [info] > git remote --verbose [8ms]
2023-11-10 16:42:47.292 [info] > git config --get commit.template [2ms]
2023-11-10 16:42:47.300 [info] > git for-each-ref --format=%(refname)%00%(upstream:short)%00%(objectname) refs/heads/master refs/remotes/master [1ms]
2023-11-10 16:42:47.321 [info] > git status -z -uall [14ms]
2023-11-10 16:42:52.354 [warning] getRemotes() - ENOENT: no such file or directory, open '/home/xdb/--git-common-dir/config'
2023-11-10 16:42:52.362 [info] > git remote --verbose [8ms]
2023-11-10 16:42:52.363 [info] > git config --get commit.template [2ms]
2023-11-10 16:42:52.372 [info] > git for-each-ref --format=%(refname)%00%(upstream:short)%00%(objectname) refs/heads/master refs/remotes/master [1ms]
2023-11-10 16:42:52.392 [info] > git status -z -uall [14ms]
2023-11-10 16:42:57.534 [warning] getRemotes() - ENOENT: no such file or directory, open '/home/xdb/--git-common-dir/config'
2023-11-10 16:42:57.542 [info] > git remote --verbose [8ms]
2023-11-10 16:42:57.552 [info] > git config --get commit.template [10ms]
2023-11-10 16:42:57.553 [info] > git for-each-ref --format=%(refname)%00%(upstream:short)%00%(objectname) refs/heads/master refs/remotes/master [1ms]
2023-11-10 16:42:57.572 [info] > git status -z -uall [12ms]
2023-11-10 16:43:02.999 [warning] getRemotes() - ENOENT: no such file or directory, open '/home/xdb/--git-common-dir/config'
2023-11-10 16:43:03.008 [info] > git remote --verbose [9ms]
2023-11-10 16:43:03.009 [info] > git config --get commit.template [2ms]
2023-11-10 16:43:03.018 [info] > git for-each-ref --format=%(refname)%00%(upstream:short)%00%(objectname) refs/heads/master refs/remotes/master [1ms]
2023-11-10 16:43:03.039 [info] > git status -z -uall [14ms]
2023-11-10 16:43:08.072 [warning] getRemotes() - ENOENT: no such file or directory, open '/home/xdb/--git-common-dir/config'
2023-11-10 16:43:08.081 [info] > git remote --verbose [9ms]
2023-11-10 16:43:08.082 [info] > git config --get commit.template [2ms]
2023-11-10 16:43:08.091 [info] > git for-each-ref --format=%(refname)%00%(upstream:short)%00%(objectname) refs/heads/master refs/remotes/master [1ms]
2023-11-10 16:43:08.113 [info] > git status -z -uall [14ms]
2023-11-10 16:43:13.144 [warning] getRemotes() - ENOENT: no such file or directory, open '/home/xdb/--git-common-dir/config'
2023-11-10 16:43:13.154 [info] > git remote --verbose [10ms]
2023-11-10 16:43:13.154 [info] > git config --get commit.template [1ms]
2023-11-10 16:43:13.164 [info] > git for-each-ref --format=%(refname)%00%(upstream:short)%00%(objectname) refs/heads/master refs/remotes/master [1ms]
2023-11-10 16:43:13.187 [info] > git status -z -uall [14ms]
2023-11-10 16:43:20.787 [warning] getRemotes() - ENOENT: no such file or directory, open '/home/xdb/--git-common-dir/config'
2023-11-10 16:43:20.797 [info] > git remote --verbose [9ms]
2023-11-10 16:43:20.806 [info] > git config --get commit.template [10ms]
2023-11-10 16:43:20.806 [info] > git for-each-ref --format=%(refname)%00%(upstream:short)%00%(objectname) refs/heads/master refs/remotes/master [1ms]
2023-11-10 16:43:20.830 [info] > git status -z -uall [14ms]
2023-11-10 16:43:25.862 [warning] getRemotes() - ENOENT: no such file or directory, open '/home/xdb/--git-common-dir/config'
2023-11-10 16:43:25.873 [info] > git remote --verbose [10ms]
2023-11-10 16:43:25.873 [info] > git config --get commit.template [1ms]
2023-11-10 16:43:25.883 [info] > git for-each-ref --format=%(refname)%00%(upstream:short)%00%(objectname) refs/heads/master refs/remotes/master [1ms]
2023-11-10 16:43:25.906 [info] > git status -z -uall [14ms]
2023-11-10 16:43:30.941 [warning] getRemotes() - ENOENT: no such file or directory, open '/home/xdb/--git-common-dir/config'
2023-11-10 16:43:30.950 [info] > git remote --verbose [9ms]
2023-11-10 16:43:30.951 [info] > git config --get commit.template [2ms]
2023-11-10 16:43:30.960 [info] > git for-each-ref --format=%(refname)%00%(upstream:short)%00%(objectname) refs/heads/master refs/remotes/master [1ms]
2023-11-10 16:43:30.983 [info] > git status -z -uall [15ms]
2023-11-10 16:43:31.855 [info] > git check-ignore -v -z --stdin [3ms]
2023-11-10 16:43:36.014 [warning] getRemotes() - ENOENT: no such file or directory, open '/home/xdb/--git-common-dir/config'
2023-11-10 16:43:36.022 [info] > git remote --verbose [7ms]
2023-11-10 16:43:36.022 [info] > git config --get commit.template [1ms]
2023-11-10 16:43:36.030 [info] > git for-each-ref --format=%(refname)%00%(upstream:short)%00%(objectname) refs/heads/master refs/remotes/master [1ms]
2023-11-10 16:43:36.049 [info] > git status -z -uall [14ms]
2023-11-10 16:43:41.083 [warning] getRemotes() - ENOENT: no such file or directory, open '/home/xdb/--git-common-dir/config'
2023-11-10 16:43:41.090 [info] > git remote --verbose [7ms]
2023-11-10 16:43:41.097 [info] > git config --get commit.template [7ms]
2023-11-10 16:43:41.097 [info] > git for-each-ref --format=%(refname)%00%(upstream:short)%00%(objectname) refs/heads/master refs/remotes/master [1ms]
2023-11-10 16:43:41.118 [info] > git status -z -uall [15ms]
2023-11-10 16:43:42.522 [info] > git ls-files --stage -- /home/xdb/test202311/tools/public.cpp [3ms]
2023-11-10 16:43:42.531 [info] > git cat-file -s 24f4a9bc44d7a617314afc0efe10d0a620bed13c [2ms]
2023-11-10 16:43:42.556 [info] > git show --textconv :test202311/tools/public.cpp [3ms]
2023-11-10 16:43:46.148 [warning] getRemotes() - ENOENT: no such file or directory, open '/home/xdb/--git-common-dir/config'
2023-11-10 16:43:46.157 [info] > git remote --verbose [9ms]
2023-11-10 16:43:46.157 [info] > git config --get commit.template [1ms]
2023-11-10 16:43:46.165 [info] > git for-each-ref --format=%(refname)%00%(upstream:short)%00%(objectname) refs/heads/master refs/remotes/master [1ms]
2023-11-10 16:43:46.185 [info] > git status -z -uall [14ms]
2023-11-10 16:44:51.564 [warning] getRemotes() - ENOENT: no such file or directory, open '/home/xdb/--git-common-dir/config'
2023-11-10 16:44:51.576 [info] > git config --get commit.template [6ms]
2023-11-10 16:44:51.576 [info] > git remote --verbose [12ms]
2023-11-10 16:44:51.583 [info] > git for-each-ref --format=%(refname)%00%(upstream:short)%00%(objectname) refs/heads/master refs/remotes/master [1ms]
2023-11-10 16:44:51.604 [info] > git status -z -uall [15ms]
2023-11-10 16:44:54.345 [info] > git check-ignore -v -z --stdin [2ms]
2023-11-10 16:44:56.643 [warning] getRemotes() - ENOENT: no such file or directory, open '/home/xdb/--git-common-dir/config'
2023-11-10 16:44:56.651 [info] > git remote --verbose [8ms]
2023-11-10 16:44:56.652 [info] > git config --get commit.template [2ms]
2023-11-10 16:44:56.659 [info] > git for-each-ref --format=%(refname)%00%(upstream:short)%00%(objectname) refs/heads/master refs/remotes/master [1ms]
2023-11-10 16:44:56.681 [info] > git status -z -uall [16ms]
2023-11-10 16:45:01.712 [warning] getRemotes() - ENOENT: no such file or directory, open '/home/xdb/--git-common-dir/config'
2023-11-10 16:45:01.719 [info] > git remote --verbose [7ms]
2023-11-10 16:45:01.720 [info] > git config --get commit.template [2ms]
2023-11-10 16:45:01.727 [info] > git for-each-ref --format=%(refname)%00%(upstream:short)%00%(objectname) refs/heads/master refs/remotes/master [1ms]
2023-11-10 16:45:01.747 [info] > git status -z -uall [13ms]
2023-11-10 16:45:04.633 [info] > git log --format=%H%n%aN%n%aE%n%at%n%ct%n%P%n%D%n%B -z -n120 -- /home/xdb/test202311/tools/public.cpp [2ms]
2023-11-10 16:45:04.633 [info] fatal: bad default revision 'HEAD'
2023-11-10 16:45:06.777 [warning] getRemotes() - ENOENT: no such file or directory, open '/home/xdb/--git-common-dir/config'
2023-11-10 16:45:06.784 [info] > git remote --verbose [7ms]
2023-11-10 16:45:06.785 [info] > git config --get commit.template [2ms]
2023-11-10 16:45:06.792 [info] > git for-each-ref --format=%(refname)%00%(upstream:short)%00%(objectname) refs/heads/master refs/remotes/master [1ms]
2023-11-10 16:45:06.813 [info] > git status -z -uall [15ms]
2023-11-10 16:45:11.844 [warning] getRemotes() - ENOENT: no such file or directory, open '/home/xdb/--git-common-dir/config'
2023-11-10 16:45:11.851 [info] > git remote --verbose [8ms]
2023-11-10 16:45:11.852 [info] > git config --get commit.template [2ms]
2023-11-10 16:45:11.860 [info] > git for-each-ref --format=%(refname)%00%(upstream:short)%00%(objectname) refs/heads/master refs/remotes/master [1ms]
2023-11-10 16:45:11.880 [info] > git status -z -uall [14ms]
2023-11-10 16:45:16.911 [warning] getRemotes() - ENOENT: no such file or directory, open '/home/xdb/--git-common-dir/config'
2023-11-10 16:45:16.918 [info] > git remote --verbose [8ms]
2023-11-10 16:45:16.919 [info] > git config --get commit.template [2ms]
2023-11-10 16:45:16.926 [info] > git for-each-ref --format=%(refname)%00%(upstream:short)%00%(objectname) refs/heads/master refs/remotes/master [1ms]
2023-11-10 16:45:16.947 [info] > git status -z -uall [14ms]
2023-11-10 16:45:19.642 [info] > git stash list [26ms]
2023-11-10 16:45:21.803 [info] > git fetch [2ms]
2023-11-10 16:45:21.803 [info] fatal: No remote repository specified.  Please, specify either a URL or a
remote name from which new revisions should be fetched.
2023-11-10 16:45:21.811 [warning] getRemotes() - ENOENT: no such file or directory, open '/home/xdb/--git-common-dir/config'
2023-11-10 16:45:21.817 [info] > git remote --verbose [6ms]
2023-11-10 16:45:21.818 [info] > git config --get commit.template [1ms]
2023-11-10 16:45:21.825 [info] > git for-each-ref --format=%(refname)%00%(upstream:short)%00%(objectname) refs/heads/master refs/remotes/master [1ms]
2023-11-10 16:45:21.844 [info] > git status -z -uall [13ms]
2023-11-10 16:45:22.131 [warning] getRemotes() - ENOENT: no such file or directory, open '/home/xdb/--git-common-dir/config'
2023-11-10 16:45:22.140 [info] > git config --get commit.template [3ms]
2023-11-10 16:45:22.140 [info] > git remote --verbose [9ms]
2023-11-10 16:45:22.171 [info] > git for-each-ref --format=%(refname)%00%(upstream:short)%00%(objectname) refs/heads/master refs/remotes/master [7ms]
2023-11-10 16:45:22.199 [info] > git status -z -uall [17ms]
2023-11-10 16:45:27.230 [warning] getRemotes() - ENOENT: no such file or directory, open '/home/xdb/--git-common-dir/config'
2023-11-10 16:45:27.238 [info] > git remote --verbose [8ms]
2023-11-10 16:45:27.245 [info] > git config --get commit.template [8ms]
2023-11-10 16:45:27.246 [info] > git for-each-ref --format=%(refname)%00%(upstream:short)%00%(objectname) refs/heads/master refs/remotes/master [2ms]
2023-11-10 16:45:27.267 [info] > git status -z -uall [15ms]
2023-11-10 16:45:32.297 [warning] getRemotes() - ENOENT: no such file or directory, open '/home/xdb/--git-common-dir/config'
2023-11-10 16:45:32.306 [info] > git remote --verbose [9ms]
2023-11-10 16:45:32.307 [info] > git config --get commit.template [1ms]
2023-11-10 16:45:32.314 [info] > git for-each-ref --format=%(refname)%00%(upstream:short)%00%(objectname) refs/heads/master refs/remotes/master [1ms]
2023-11-10 16:45:32.334 [info] > git status -z -uall [13ms]
2023-11-10 16:45:37.364 [warning] getRemotes() - ENOENT: no such file or directory, open '/home/xdb/--git-common-dir/config'
2023-11-10 16:45:37.371 [info] > git remote --verbose [7ms]
2023-11-10 16:45:37.372 [info] > git config --get commit.template [2ms]
2023-11-10 16:45:37.380 [info] > git for-each-ref --format=%(refname)%00%(upstream:short)%00%(objectname) refs/heads/master refs/remotes/master [1ms]
2023-11-10 16:45:37.399 [info] > git status -z -uall [14ms]
2023-11-10 16:45:42.431 [warning] getRemotes() - ENOENT: no such file or directory, open '/home/xdb/--git-common-dir/config'
2023-11-10 16:45:42.439 [info] > git remote --verbose [8ms]
2023-11-10 16:45:42.439 [info] > git config --get commit.template [1ms]
2023-11-10 16:45:42.446 [info] > git for-each-ref --format=%(refname)%00%(upstream:short)%00%(objectname) refs/heads/master refs/remotes/master [1ms]
2023-11-10 16:45:42.466 [info] > git status -z -uall [14ms]
2023-11-10 16:45:44.069 [info] > git stash list [24ms]
2023-11-10 16:45:47.496 [warning] getRemotes() - ENOENT: no such file or directory, open '/home/xdb/--git-common-dir/config'
2023-11-10 16:45:47.503 [info] > git remote --verbose [7ms]
2023-11-10 16:45:47.504 [info] > git config --get commit.template [1ms]
2023-11-10 16:45:47.511 [info] > git for-each-ref --format=%(refname)%00%(upstream:short)%00%(objectname) refs/heads/master refs/remotes/master [1ms]
2023-11-10 16:45:47.531 [info] > git status -z -uall [13ms]
2023-11-10 16:45:50.940 [info] > git branch [2ms]
2023-11-10 16:45:50.952 [info] > git rm --cached -r -- /home/xdb/test202311/app/demo01 /home/xdb/test202311/app/demo01.cpp [4ms]
2023-11-10 16:45:50.961 [warning] getRemotes() - ENOENT: no such file or directory, open '/home/xdb/--git-common-dir/config'
2023-11-10 16:45:50.969 [info] > git remote --verbose [7ms]
2023-11-10 16:45:50.969 [info] > git config --get commit.template [1ms]
2023-11-10 16:45:50.976 [info] > git for-each-ref --format=%(refname)%00%(upstream:short)%00%(objectname) refs/heads/master refs/remotes/master [1ms]
2023-11-10 16:45:50.997 [info] > git status -z -uall [14ms]
2023-11-10 16:45:52.425 [info] > git ls-files --stage -- /home/xdb/test202311/tools/public.cpp [3ms]
2023-11-10 16:45:52.433 [info] > git cat-file -s 24f4a9bc44d7a617314afc0efe10d0a620bed13c [1ms]
2023-11-10 16:45:52.459 [info] > git show --textconv :test202311/tools/public.cpp [5ms]
2023-11-10 16:45:52.562 [warning] getRemotes() - ENOENT: no such file or directory, open '/home/xdb/--git-common-dir/config'
2023-11-10 16:45:52.570 [info] > git remote --verbose [8ms]
2023-11-10 16:45:52.570 [info] > git config --get commit.template [1ms]
2023-11-10 16:45:52.579 [info] > git for-each-ref --format=%(refname)%00%(upstream:short)%00%(objectname) refs/heads/master refs/remotes/master [1ms]
2023-11-10 16:45:52.601 [info] > git status -z -uall [14ms]
2023-11-10 16:45:54.283 [info] > git branch [2ms]
2023-11-10 16:45:54.293 [info] > git rm --cached -r -- /home/xdb/.cache/abrt/lastnotification [3ms]
2023-11-10 16:45:54.293 [info] error: '.cache/abrt/lastnotification' has staged content different from both the file and the HEAD
(use -f to force removal)
2023-11-10 16:45:54.300 [warning] getRemotes() - ENOENT: no such file or directory, open '/home/xdb/--git-common-dir/config'
2023-11-10 16:45:54.307 [info] > git remote --verbose [7ms]
2023-11-10 16:45:54.308 [info] > git config --get commit.template [1ms]
2023-11-10 16:45:54.315 [info] > git for-each-ref --format=%(refname)%00%(upstream:short)%00%(objectname) refs/heads/master refs/remotes/master [1ms]
2023-11-10 16:45:54.335 [info] > git status -z -uall [14ms]
2023-11-10 16:45:57.631 [warning] getRemotes() - ENOENT: no such file or directory, open '/home/xdb/--git-common-dir/config'
2023-11-10 16:45:57.639 [info] > git remote --verbose [8ms]
2023-11-10 16:45:57.640 [info] > git config --get commit.template [2ms]
2023-11-10 16:45:57.647 [info] > git for-each-ref --format=%(refname)%00%(upstream:short)%00%(objectname) refs/heads/master refs/remotes/master [1ms]
2023-11-10 16:45:57.668 [info] > git status -z -uall [14ms]
2023-11-10 16:46:02.698 [warning] getRemotes() - ENOENT: no such file or directory, open '/home/xdb/--git-common-dir/config'
2023-11-10 16:46:02.706 [info] > git remote --verbose [8ms]
2023-11-10 16:46:02.706 [info] > git config --get commit.template [1ms]
2023-11-10 16:46:02.713 [info] > git for-each-ref --format=%(refname)%00%(upstream:short)%00%(objectname) refs/heads/master refs/remotes/master [1ms]
2023-11-10 16:46:02.734 [info] > git status -z -uall [14ms]
2023-11-10 16:46:07.764 [warning] getRemotes() - ENOENT: no such file or directory, open '/home/xdb/--git-common-dir/config'
2023-11-10 16:46:07.773 [info] > git config --get commit.template [2ms]
2023-11-10 16:46:07.774 [info] > git remote --verbose [10ms]
2023-11-10 16:46:07.782 [info] > git for-each-ref --format=%(refname)%00%(upstream:short)%00%(objectname) refs/heads/master refs/remotes/master [1ms]
2023-11-10 16:46:07.803 [info] > git status -z -uall [14ms]
2023-11-10 16:46:12.834 [warning] getRemotes() - ENOENT: no such file or directory, open '/home/xdb/--git-common-dir/config'
2023-11-10 16:46:12.841 [info] > git remote --verbose [7ms]
2023-11-10 16:46:12.842 [info] > git config --get commit.template [2ms]
2023-11-10 16:46:12.849 [info] > git for-each-ref --format=%(refname)%00%(upstream:short)%00%(objectname) refs/heads/master refs/remotes/master [1ms]
2023-11-10 16:46:12.870 [info] > git status -z -uall [15ms]
2023-11-10 16:46:17.773 [info] > git branch [3ms]
2023-11-10 16:46:17.784 [info] > git rm --cached -r -- /home/xdb/test202311/tools/libpublic.so /home/xdb/test202311/tools/public.cpp /home/xdb/test202311/tools/public.h [5ms]
2023-11-10 16:46:17.794 [warning] getRemotes() - ENOENT: no such file or directory, open '/home/xdb/--git-common-dir/config'
2023-11-10 16:46:17.801 [info] > git remote --verbose [8ms]
2023-11-10 16:46:17.801 [info] > git config --get commit.template [1ms]
2023-11-10 16:46:17.808 [info] > git for-each-ref --format=%(refname)%00%(upstream:short)%00%(objectname) refs/heads/master refs/remotes/master [1ms]
2023-11-10 16:46:17.828 [info] > git status -z -uall [14ms]
2023-11-10 16:46:17.902 [warning] getRemotes() - ENOENT: no such file or directory, open '/home/xdb/--git-common-dir/config'
2023-11-10 16:46:17.909 [info] > git remote --verbose [7ms]
2023-11-10 16:46:17.916 [info] > git config --get commit.template [7ms]
2023-11-10 16:46:17.916 [info] > git for-each-ref --format=%(refname)%00%(upstream:short)%00%(objectname) refs/heads/master refs/remotes/master [1ms]
2023-11-10 16:46:18.105 [info] > git status -z -uall [183ms]
2023-11-10 16:46:19.354 [info] > git ls-files --stage -- /home/xdb/test202311/tools/public.cpp [2ms]
2023-11-10 16:46:19.379 [info] > git show --textconv :test202311/tools/public.cpp [2ms]
2023-11-10 16:46:21.107 [info] > git branch [2ms]
2023-11-10 16:46:21.118 [info] > git rm --cached -r -- /home/xdb/.bash_profile [4ms]
2023-11-10 16:46:21.127 [warning] getRemotes() - ENOENT: no such file or directory, open '/home/xdb/--git-common-dir/config'
2023-11-10 16:46:21.133 [info] > git remote --verbose [7ms]
2023-11-10 16:46:21.139 [info] > git config --get commit.template [7ms]
2023-11-10 16:46:21.140 [info] > git for-each-ref --format=%(refname)%00%(upstream:short)%00%(objectname) refs/heads/master refs/remotes/master [1ms]
2023-11-10 16:46:21.159 [info] > git status -z -uall [13ms]
2023-11-10 16:46:22.184 [info] > git branch [2ms]
2023-11-10 16:46:22.195 [info] > git rm --cached -r -- /home/xdb/.bashrc [4ms]
2023-11-10 16:46:22.207 [warning] getRemotes() - ENOENT: no such file or directory, open '/home/xdb/--git-common-dir/config'
2023-11-10 16:46:22.214 [info] > git remote --verbose [7ms]
2023-11-10 16:46:22.221 [info] > git config --get commit.template [8ms]
2023-11-10 16:46:22.221 [info] > git for-each-ref --format=%(refname)%00%(upstream:short)%00%(objectname) refs/heads/master refs/remotes/master [1ms]
2023-11-10 16:46:22.242 [info] > git status -z -uall [14ms]
2023-11-10 16:46:23.142 [warning] getRemotes() - ENOENT: no such file or directory, open '/home/xdb/--git-common-dir/config'
2023-11-10 16:46:23.150 [info] > git remote --verbose [8ms]
2023-11-10 16:46:23.151 [info] > git config --get commit.template [2ms]
2023-11-10 16:46:23.159 [info] > git for-each-ref --format=%(refname)%00%(upstream:short)%00%(objectname) refs/heads/master refs/remotes/master [2ms]
2023-11-10 16:46:23.179 [info] > git status -z -uall [14ms]
2023-11-10 16:46:23.636 [info] > git branch [2ms]
2023-11-10 16:46:23.653 [info] > git rm --cached -r -- /home/xdb/.bash_logout [10ms]
2023-11-10 16:46:23.661 [warning] getRemotes() - ENOENT: no such file or directory, open '/home/xdb/--git-common-dir/config'
2023-11-10 16:46:23.667 [info] > git ls-files --stage -- /home/xdb/test202311/tools/public.cpp [15ms]
2023-11-10 16:46:23.669 [info] > git config --get commit.template [2ms]
2023-11-10 16:46:23.669 [info] > git remote --verbose [8ms]
2023-11-10 16:46:23.677 [info] > git for-each-ref --format=%(refname)%00%(upstream:short)%00%(objectname) refs/heads/master refs/remotes/master [2ms]
2023-11-10 16:46:23.704 [info] > git status -z -uall [19ms]
2023-11-10 16:46:23.729 [info] > git show --textconv :test202311/tools/public.cpp [26ms]
2023-11-10 16:46:24.445 [info] > git branch [1ms]
2023-11-10 16:46:24.454 [info] > git rm --cached -r -- /home/xdb/.bash_history [2ms]
2023-11-10 16:46:24.454 [info] error: '.bash_history' has staged content different from both the file and the HEAD
(use -f to force removal)
2023-11-10 16:46:24.461 [warning] getRemotes() - ENOENT: no such file or directory, open '/home/xdb/--git-common-dir/config'
2023-11-10 16:46:24.469 [info] > git remote --verbose [7ms]
2023-11-10 16:46:24.469 [info] > git config --get commit.template [1ms]
2023-11-10 16:46:24.476 [info] > git for-each-ref --format=%(refname)%00%(upstream:short)%00%(objectname) refs/heads/master refs/remotes/master [1ms]
2023-11-10 16:46:24.496 [info] > git status -z -uall [14ms]
2023-11-10 16:46:25.138 [info] > git ls-files --stage -- /home/xdb/test202311/tools/public.cpp [2ms]
2023-11-10 16:46:25.161 [info] > git show --textconv :test202311/tools/public.cpp [2ms]
2023-11-10 16:46:26.891 [info] > git branch [1ms]
2023-11-10 16:46:26.902 [info] > git rm --cached -r -- /home/xdb/.ssh/authorized_keys /home/xdb/.ssh/id_rsa.pub [4ms]
2023-11-10 16:46:26.911 [warning] getRemotes() - ENOENT: no such file or directory, open '/home/xdb/--git-common-dir/config'
2023-11-10 16:46:26.918 [info] > git remote --verbose [7ms]
2023-11-10 16:46:26.919 [info] > git config --get commit.template [2ms]
2023-11-10 16:46:26.927 [info] > git for-each-ref --format=%(refname)%00%(upstream:short)%00%(objectname) refs/heads/master refs/remotes/master [2ms]
2023-11-10 16:46:26.947 [info] > git status -z -uall [14ms]
2023-11-10 16:46:28.468 [info] > git ls-files --stage -- /home/xdb/test202311/tools/public.cpp [3ms]
2023-11-10 16:46:28.493 [info] > git show --textconv :test202311/tools/public.cpp [3ms]
2023-11-10 16:46:28.619 [warning] getRemotes() - ENOENT: no such file or directory, open '/home/xdb/--git-common-dir/config'
2023-11-10 16:46:28.626 [info] > git remote --verbose [7ms]
2023-11-10 16:46:28.627 [info] > git config --get commit.template [1ms]
2023-11-10 16:46:28.634 [info] > git for-each-ref --format=%(refname)%00%(upstream:short)%00%(objectname) refs/heads/master refs/remotes/master [1ms]
2023-11-10 16:46:28.656 [info] > git status -z -uall [15ms]
2023-11-10 16:46:29.787 [info] > git check-ignore -v -z --stdin [2ms]
2023-11-10 16:46:31.074 [info] > git branch [2ms]
2023-11-10 16:46:31.084 [info] > git rm --cached -r -- /home/xdb/.cache/abrt/lastnotification [3ms]
2023-11-10 16:46:31.084 [info] error: '.cache/abrt/lastnotification' has staged content different from both the file and the HEAD
(use -f to force removal)
2023-11-10 16:46:31.091 [warning] getRemotes() - ENOENT: no such file or directory, open '/home/xdb/--git-common-dir/config'
2023-11-10 16:46:31.098 [info] > git remote --verbose [7ms]
2023-11-10 16:46:31.099 [info] > git config --get commit.template [1ms]
2023-11-10 16:46:31.106 [info] > git for-each-ref --format=%(refname)%00%(upstream:short)%00%(objectname) refs/heads/master refs/remotes/master [2ms]
2023-11-10 16:46:31.126 [info] > git status -z -uall [13ms]
2023-11-10 16:46:34.625 [warning] getRemotes() - ENOENT: no such file or directory, open '/home/xdb/--git-common-dir/config'
2023-11-10 16:46:34.634 [info] > git remote --verbose [8ms]
2023-11-10 16:46:34.634 [info] > git config --get commit.template [1ms]
2023-11-10 16:46:34.642 [info] > git for-each-ref --format=%(refname)%00%(upstream:short)%00%(objectname) refs/heads/master refs/remotes/master [1ms]
2023-11-10 16:46:34.663 [info] > git status -z -uall [14ms]
2023-11-10 16:46:39.324 [info] > git show --textconv HEAD:.cache/abrt/lastnotification [21ms]
2023-11-10 16:46:39.324 [info] > git show --textconv :.cache/abrt/lastnotification [15ms]
2023-11-10 16:46:39.324 [info] > git ls-tree -l HEAD -- /home/xdb/.cache/abrt/lastnotification [8ms]
2023-11-10 16:46:39.324 [info] fatal: Not a valid object name HEAD
2023-11-10 16:46:39.326 [info] > git ls-files --stage -- /home/xdb/.cache/abrt/lastnotification [3ms]
2023-11-10 16:46:39.334 [info] > git cat-file -s 35533a2742dc0c42ec5e28e0f9aed5d105bd0833 [1ms]
2023-11-10 16:46:39.692 [warning] getRemotes() - ENOENT: no such file or directory, open '/home/xdb/--git-common-dir/config'
2023-11-10 16:46:39.701 [info] > git remote --verbose [10ms]
2023-11-10 16:46:39.701 [info] > git config --get commit.template [1ms]
2023-11-10 16:46:39.709 [info] > git for-each-ref --format=%(refname)%00%(upstream:short)%00%(objectname) refs/heads/master refs/remotes/master [1ms]
2023-11-10 16:46:39.730 [info] > git status -z -uall [14ms]
2023-11-10 16:46:40.012 [info] > git check-ignore -v -z --stdin [170ms]
2023-11-10 16:46:44.759 [warning] getRemotes() - ENOENT: no such file or directory, open '/home/xdb/--git-common-dir/config'
2023-11-10 16:46:44.766 [info] > git remote --verbose [6ms]
2023-11-10 16:46:44.766 [info] > git config --get commit.template [1ms]
2023-11-10 16:46:44.773 [info] > git for-each-ref --format=%(refname)%00%(upstream:short)%00%(objectname) refs/heads/master refs/remotes/master [1ms]
2023-11-10 16:46:44.793 [info] > git status -z -uall [13ms]
2023-11-10 16:46:48.487 [info] > git log --format=%H%n%aN%n%aE%n%at%n%ct%n%P%n%D%n%B -z -n120 -- /home/xdb/.cache/abrt/lastnotification [2ms]
2023-11-10 16:46:48.487 [info] fatal: bad default revision 'HEAD'
2023-11-10 16:46:49.824 [warning] getRemotes() - ENOENT: no such file or directory, open '/home/xdb/--git-common-dir/config'
2023-11-10 16:46:49.832 [info] > git remote --verbose [8ms]
2023-11-10 16:46:49.833 [info] > git config --get commit.template [1ms]
2023-11-10 16:46:49.840 [info] > git for-each-ref --format=%(refname)%00%(upstream:short)%00%(objectname) refs/heads/master refs/remotes/master [1ms]
2023-11-10 16:46:49.861 [info] > git status -z -uall [14ms]
2023-11-10 16:46:52.013 [info] > git log --format=%H%n%aN%n%aE%n%at%n%ct%n%P%n%D%n%B -z -n120 -- /home/xdb/.cache/abrt/lastnotification [1ms]
2023-11-10 16:46:52.013 [info] fatal: bad default revision 'HEAD'
2023-11-10 16:46:52.230 [info] > git show --textconv :.cache/abrt/lastnotification [8ms]
2023-11-10 16:46:52.232 [info] > git ls-files --stage -- /home/xdb/.cache/abrt/lastnotification [2ms]
2023-11-10 16:46:52.240 [info] > git cat-file -s 35533a2742dc0c42ec5e28e0f9aed5d105bd0833 [1ms]
2023-11-10 16:46:54.892 [warning] getRemotes() - ENOENT: no such file or directory, open '/home/xdb/--git-common-dir/config'
2023-11-10 16:46:54.899 [info] > git remote --verbose [8ms]
2023-11-10 16:46:54.900 [info] > git config --get commit.template [2ms]
2023-11-10 16:46:54.908 [info] > git for-each-ref --format=%(refname)%00%(upstream:short)%00%(objectname) refs/heads/master refs/remotes/master [1ms]
2023-11-10 16:46:54.928 [info] > git status -z -uall [14ms]
2023-11-10 16:46:55.230 [info] > git log --format=%H%n%aN%n%aE%n%at%n%ct%n%P%n%D%n%B -z -n120 -- /home/xdb/test202311/app/demo01.cpp [1ms]
2023-11-10 16:46:55.230 [info] fatal: bad default revision 'HEAD'
2023-11-10 16:46:55.356 [info] > git show --textconv :test202311/app/demo01.cpp [9ms]
2023-11-10 16:46:55.358 [info] > git ls-files --stage -- /home/xdb/test202311/app/demo01.cpp [3ms]
2023-11-10 16:46:55.795 [info] > git log --format=%H%n%aN%n%aE%n%at%n%ct%n%P%n%D%n%B -z -n120 -- /home/xdb/.cache/abrt/lastnotification [1ms]
2023-11-10 16:46:55.795 [info] fatal: bad default revision 'HEAD'
2023-11-10 16:46:59.957 [warning] getRemotes() - ENOENT: no such file or directory, open '/home/xdb/--git-common-dir/config'
2023-11-10 16:46:59.964 [info] > git remote --verbose [7ms]
2023-11-10 16:46:59.964 [info] > git config --get commit.template [1ms]
2023-11-10 16:46:59.971 [info] > git for-each-ref --format=%(refname)%00%(upstream:short)%00%(objectname) refs/heads/master refs/remotes/master [1ms]
2023-11-10 16:46:59.991 [info] > git status -z -uall [13ms]
2023-11-10 16:47:02.741 [info] > git check-ignore -v -z --stdin [2ms]
2023-11-10 16:47:05.023 [warning] getRemotes() - ENOENT: no such file or directory, open '/home/xdb/--git-common-dir/config'
2023-11-10 16:47:05.031 [info] > git remote --verbose [8ms]
2023-11-10 16:47:05.031 [info] > git config --get commit.template [1ms]
2023-11-10 16:47:05.039 [info] > git for-each-ref --format=%(refname)%00%(upstream:short)%00%(objectname) refs/heads/master refs/remotes/master [1ms]
2023-11-10 16:47:05.060 [info] > git status -z -uall [14ms]
2023-11-10 16:47:05.351 [info] > git check-ignore -v -z --stdin [3ms]
2023-11-10 16:47:05.897 [info] > git check-ignore -v -z --stdin [3ms]
2023-11-10 16:47:07.190 [info] > git check-ignore -v -z --stdin [2ms]
2023-11-10 16:47:10.088 [warning] getRemotes() - ENOENT: no such file or directory, open '/home/xdb/--git-common-dir/config'
2023-11-10 16:47:10.095 [info] > git remote --verbose [7ms]
2023-11-10 16:47:10.102 [info] > git config --get commit.template [6ms]
2023-11-10 16:47:10.102 [info] > git for-each-ref --format=%(refname)%00%(upstream:short)%00%(objectname) refs/heads/master refs/remotes/master [1ms]
2023-11-10 16:47:10.122 [info] > git status -z -uall [14ms]
2023-11-10 16:47:15.154 [warning] getRemotes() - ENOENT: no such file or directory, open '/home/xdb/--git-common-dir/config'
2023-11-10 16:47:15.162 [info] > git remote --verbose [8ms]
2023-11-10 16:47:15.162 [info] > git config --get commit.template [1ms]
2023-11-10 16:47:15.169 [info] > git for-each-ref --format=%(refname)%00%(upstream:short)%00%(objectname) refs/heads/master refs/remotes/master [0ms]
2023-11-10 16:47:15.189 [info] > git status -z -uall [13ms]
2023-11-10 16:47:20.220 [warning] getRemotes() - ENOENT: no such file or directory, open '/home/xdb/--git-common-dir/config'
2023-11-10 16:47:20.228 [info] > git remote --verbose [8ms]
2023-11-10 16:47:20.229 [info] > git config --get commit.template [2ms]
2023-11-10 16:47:20.237 [info] > git for-each-ref --format=%(refname)%00%(upstream:short)%00%(objectname) refs/heads/master refs/remotes/master [1ms]
2023-11-10 16:47:20.257 [info] > git status -z -uall [14ms]
2023-11-10 16:47:25.291 [warning] getRemotes() - ENOENT: no such file or directory, open '/home/xdb/--git-common-dir/config'
2023-11-10 16:47:25.298 [info] > git remote --verbose [7ms]
2023-11-10 16:47:25.299 [info] > git config --get commit.template [2ms]
2023-11-10 16:47:25.306 [info] > git for-each-ref --format=%(refname)%00%(upstream:short)%00%(objectname) refs/heads/master refs/remotes/master [1ms]
2023-11-10 16:47:25.326 [info] > git status -z -uall [14ms]
2023-11-10 16:47:27.909 [info] > git check-ignore -v -z --stdin [3ms]
2023-11-10 16:47:30.356 [warning] getRemotes() - ENOENT: no such file or directory, open '/home/xdb/--git-common-dir/config'
2023-11-10 16:47:30.363 [info] > git remote --verbose [7ms]
2023-11-10 16:47:30.364 [info] > git config --get commit.template [1ms]
2023-11-10 16:47:30.372 [info] > git for-each-ref --format=%(refname)%00%(upstream:short)%00%(objectname) refs/heads/master refs/remotes/master [1ms]
2023-11-10 16:47:30.392 [info] > git status -z -uall [14ms]
2023-11-10 16:47:35.236 [warning] getRemotes() - ENOENT: no such file or directory, open '/home/xdb/--git-common-dir/config'
2023-11-10 16:47:35.243 [info] > git remote --verbose [7ms]
2023-11-10 16:47:35.250 [info] > git config --get commit.template [8ms]
2023-11-10 16:47:35.250 [info] > git for-each-ref --format=%(refname)%00%(upstream:short)%00%(objectname) refs/heads/master refs/remotes/master [1ms]
2023-11-10 16:47:35.271 [info] > git status -z -uall [15ms]
2023-11-10 16:47:35.566 [warning] getRemotes() - ENOENT: no such file or directory, open '/home/xdb/--git-common-dir/config'
2023-11-10 16:47:35.577 [info] > git config --get commit.template [1ms]
2023-11-10 16:47:35.577 [info] > git remote --verbose [11ms]
2023-11-10 16:47:35.601 [info] > git for-each-ref --format=%(refname)%00%(upstream:short)%00%(objectname) refs/heads/master refs/remotes/master [0ms]
2023-11-10 16:47:35.623 [info] > git status -z -uall [15ms]
2023-11-10 16:47:37.518 [info] > git check-ignore -v -z --stdin [3ms]
2023-11-10 16:47:40.261 [info] > git log --format=%H%n%aN%n%aE%n%at%n%ct%n%P%n%D%n%B -z -n120 -- /home/xdb/.cache/abrt/lastnotification [1ms]
2023-11-10 16:47:40.261 [info] fatal: bad default revision 'HEAD'
2023-11-10 16:47:40.778 [warning] getRemotes() - ENOENT: no such file or directory, open '/home/xdb/--git-common-dir/config'
2023-11-10 16:47:40.785 [info] > git remote --verbose [7ms]
2023-11-10 16:47:40.792 [info] > git config --get commit.template [7ms]
2023-11-10 16:47:40.792 [info] > git for-each-ref --format=%(refname)%00%(upstream:short)%00%(objectname) refs/heads/master refs/remotes/master [1ms]
2023-11-10 16:47:40.813 [info] > git status -z -uall [15ms]
2023-11-10 16:47:45.842 [warning] getRemotes() - ENOENT: no such file or directory, open '/home/xdb/--git-common-dir/config'
2023-11-10 16:47:45.849 [info] > git remote --verbose [7ms]
2023-11-10 16:47:45.849 [info] > git config --get commit.template [1ms]
2023-11-10 16:47:45.856 [info] > git for-each-ref --format=%(refname)%00%(upstream:short)%00%(objectname) refs/heads/master refs/remotes/master [1ms]
2023-11-10 16:47:45.877 [info] > git status -z -uall [14ms]
2023-11-10 16:47:48.062 [info] > git log --format=%H%n%aN%n%aE%n%at%n%ct%n%P%n%D%n%B -z -n120 -- /home/xdb/.bash_history [1ms]
2023-11-10 16:47:48.063 [info] fatal: bad default revision 'HEAD'
2023-11-10 16:47:48.286 [info] > git show --textconv :.bash_history [8ms]
2023-11-10 16:47:48.288 [info] > git ls-files --stage -- /home/xdb/.bash_history [3ms]
2023-11-10 16:47:48.299 [info] > git cat-file -s 63d396528128781a5e76737ecd766b8ec7fb6503 [1ms]
2023-11-10 16:47:50.906 [warning] getRemotes() - ENOENT: no such file or directory, open '/home/xdb/--git-common-dir/config'
2023-11-10 16:47:50.913 [info] > git remote --verbose [7ms]
2023-11-10 16:47:50.913 [info] > git config --get commit.template [1ms]
2023-11-10 16:47:50.921 [info] > git for-each-ref --format=%(refname)%00%(upstream:short)%00%(objectname) refs/heads/master refs/remotes/master [2ms]
2023-11-10 16:47:50.941 [info] > git status -z -uall [14ms]
2023-11-10 16:47:55.975 [warning] getRemotes() - ENOENT: no such file or directory, open '/home/xdb/--git-common-dir/config'
2023-11-10 16:47:55.983 [info] > git remote --verbose [7ms]
2023-11-10 16:47:55.983 [info] > git config --get commit.template [1ms]
2023-11-10 16:47:55.990 [info] > git for-each-ref --format=%(refname)%00%(upstream:short)%00%(objectname) refs/heads/master refs/remotes/master [1ms]
2023-11-10 16:47:56.010 [info] > git status -z -uall [13ms]
2023-11-10 16:47:58.219 [info] > git check-ignore -v -z --stdin [3ms]
2023-11-10 16:48:01.039 [warning] getRemotes() - ENOENT: no such file or directory, open '/home/xdb/--git-common-dir/config'
2023-11-10 16:48:01.047 [info] > git remote --verbose [8ms]
2023-11-10 16:48:01.048 [info] > git config --get commit.template [2ms]
2023-11-10 16:48:01.056 [info] > git for-each-ref --format=%(refname)%00%(upstream:short)%00%(objectname) refs/heads/master refs/remotes/master [1ms]
2023-11-10 16:48:01.077 [info] > git status -z -uall [14ms]
2023-11-10 16:48:06.111 [warning] getRemotes() - ENOENT: no such file or directory, open '/home/xdb/--git-common-dir/config'
2023-11-10 16:48:06.120 [info] > git remote --verbose [9ms]
2023-11-10 16:48:06.121 [info] > git config --get commit.template [2ms]
2023-11-10 16:48:06.129 [info] > git for-each-ref --format=%(refname)%00%(upstream:short)%00%(objectname) refs/heads/master refs/remotes/master [1ms]
2023-11-10 16:48:06.151 [info] > git status -z -uall [14ms]
2023-11-10 16:48:11.181 [warning] getRemotes() - ENOENT: no such file or directory, open '/home/xdb/--git-common-dir/config'
2023-11-10 16:48:11.191 [info] > git remote --verbose [10ms]
2023-11-10 16:48:11.200 [info] > git config --get commit.template [10ms]
2023-11-10 16:48:11.200 [info] > git for-each-ref --format=%(refname)%00%(upstream:short)%00%(objectname) refs/heads/master refs/remotes/master [1ms]
2023-11-10 16:48:11.226 [info] > git status -z -uall [18ms]
2023-11-10 16:48:16.260 [warning] getRemotes() - ENOENT: no such file or directory, open '/home/xdb/--git-common-dir/config'
2023-11-10 16:48:16.269 [info] > git remote --verbose [9ms]
2023-11-10 16:48:16.269 [info] > git config --get commit.template [1ms]
2023-11-10 16:48:16.278 [info] > git for-each-ref --format=%(refname)%00%(upstream:short)%00%(objectname) refs/heads/master refs/remotes/master [1ms]
2023-11-10 16:48:16.299 [info] > git status -z -uall [14ms]
2023-11-10 16:48:32.802 [warning] getRemotes() - ENOENT: no such file or directory, open '/home/xdb/--git-common-dir/config'
2023-11-10 16:48:32.811 [info] > git remote --verbose [9ms]
2023-11-10 16:48:32.811 [info] > git fetch [19ms]
2023-11-10 16:48:32.811 [info] fatal: No remote repository specified.  Please, specify either a URL or a
remote name from which new revisions should be fetched.
2023-11-10 16:48:32.820 [warning] getRemotes() - ENOENT: no such file or directory, open '/home/xdb/--git-common-dir/config'
2023-11-10 16:48:32.829 [info] > git config --get commit.template [18ms]
2023-11-10 16:48:32.837 [info] > git remote --verbose [16ms]
2023-11-10 16:48:32.837 [info] > git config --get commit.template [9ms]
2023-11-10 16:48:32.845 [info] > git for-each-ref --format=%(refname)%00%(upstream:short)%00%(objectname) refs/heads/master refs/remotes/master [9ms]
2023-11-10 16:48:32.847 [info] > git for-each-ref --format=%(refname)%00%(upstream:short)%00%(objectname) refs/heads/master refs/remotes/master [3ms]
2023-11-10 16:48:32.867 [info] > git status -z -uall [13ms]
2023-11-10 16:48:37.858 [warning] getRemotes() - ENOENT: no such file or directory, open '/home/xdb/--git-common-dir/config'
2023-11-10 16:48:37.869 [info] > git remote --verbose [11ms]
2023-11-10 16:48:37.869 [info] > git config --get commit.template [1ms]
2023-11-10 16:48:37.879 [info] > git for-each-ref --format=%(refname)%00%(upstream:short)%00%(objectname) refs/heads/master refs/remotes/master [1ms]
2023-11-10 16:48:37.903 [info] > git status -z -uall [16ms]
2023-11-10 16:48:42.935 [warning] getRemotes() - ENOENT: no such file or directory, open '/home/xdb/--git-common-dir/config'
2023-11-10 16:48:42.948 [info] > git remote --verbose [12ms]
2023-11-10 16:48:42.948 [info] > git config --get commit.template [1ms]
2023-11-10 16:48:42.958 [info] > git for-each-ref --format=%(refname)%00%(upstream:short)%00%(objectname) refs/heads/master refs/remotes/master [1ms]
2023-11-10 16:48:42.981 [info] > git status -z -uall [14ms]
2023-11-10 16:48:48.016 [warning] getRemotes() - ENOENT: no such file or directory, open '/home/xdb/--git-common-dir/config'
2023-11-10 16:48:48.027 [info] > git remote --verbose [11ms]
2023-11-10 16:48:48.036 [info] > git config --get commit.template [10ms]
2023-11-10 16:48:48.037 [info] > git for-each-ref --format=%(refname)%00%(upstream:short)%00%(objectname) refs/heads/master refs/remotes/master [1ms]
2023-11-10 16:48:48.060 [info] > git status -z -uall [13ms]
2023-11-10 16:48:53.093 [warning] getRemotes() - ENOENT: no such file or directory, open '/home/xdb/--git-common-dir/config'
2023-11-10 16:48:53.107 [info] > git remote --verbose [14ms]
2023-11-10 16:48:53.108 [info] > git config --get commit.template [1ms]
2023-11-10 16:48:53.121 [info] > git for-each-ref --format=%(refname)%00%(upstream:short)%00%(objectname) refs/heads/master refs/remotes/master [1ms]
2023-11-10 16:48:53.146 [info] > git status -z -uall [14ms]
2023-11-10 16:48:58.182 [warning] getRemotes() - ENOENT: no such file or directory, open '/home/xdb/--git-common-dir/config'
2023-11-10 16:48:58.193 [info] > git remote --verbose [11ms]
2023-11-10 16:48:58.194 [info] > git config --get commit.template [1ms]
2023-11-10 16:48:58.205 [info] > git for-each-ref --format=%(refname)%00%(upstream:short)%00%(objectname) refs/heads/master refs/remotes/master [1ms]
2023-11-10 16:48:58.232 [info] > git status -z -uall [18ms]
2023-11-10 16:49:03.264 [warning] getRemotes() - ENOENT: no such file or directory, open '/home/xdb/--git-common-dir/config'
2023-11-10 16:49:03.275 [info] > git remote --verbose [10ms]
2023-11-10 16:49:03.286 [info] > git config --get commit.template [11ms]
2023-11-10 16:49:03.286 [info] > git for-each-ref --format=%(refname)%00%(upstream:short)%00%(objectname) refs/heads/master refs/remotes/master [1ms]
2023-11-10 16:49:03.311 [info] > git status -z -uall [15ms]
2023-11-10 16:49:08.342 [warning] getRemotes() - ENOENT: no such file or directory, open '/home/xdb/--git-common-dir/config'
2023-11-10 16:49:08.350 [info] > git remote --verbose [8ms]
2023-11-10 16:49:08.351 [info] > git config --get commit.template [2ms]
2023-11-10 16:49:08.358 [info] > git for-each-ref --format=%(refname)%00%(upstream:short)%00%(objectname) refs/heads/master refs/remotes/master [1ms]
2023-11-10 16:49:08.379 [info] > git status -z -uall [14ms]
2023-11-10 16:49:13.410 [warning] getRemotes() - ENOENT: no such file or directory, open '/home/xdb/--git-common-dir/config'
2023-11-10 16:49:13.417 [info] > git remote --verbose [8ms]
2023-11-10 16:49:13.418 [info] > git config --get commit.template [1ms]
2023-11-10 16:49:13.425 [info] > git for-each-ref --format=%(refname)%00%(upstream:short)%00%(objectname) refs/heads/master refs/remotes/master [1ms]
2023-11-10 16:49:13.446 [info] > git status -z -uall [14ms]
2023-11-10 16:49:18.476 [warning] getRemotes() - ENOENT: no such file or directory, open '/home/xdb/--git-common-dir/config'
2023-11-10 16:49:18.484 [info] > git remote --verbose [8ms]
2023-11-10 16:49:18.485 [info] > git config --get commit.template [2ms]
2023-11-10 16:49:18.493 [info] > git for-each-ref --format=%(refname)%00%(upstream:short)%00%(objectname) refs/heads/master refs/remotes/master [2ms]
2023-11-10 16:49:18.513 [info] > git status -z -uall [14ms]
2023-11-10 16:49:23.544 [warning] getRemotes() - ENOENT: no such file or directory, open '/home/xdb/--git-common-dir/config'
2023-11-10 16:49:23.552 [info] > git remote --verbose [8ms]
2023-11-10 16:49:23.553 [info] > git config --get commit.template [1ms]
2023-11-10 16:49:23.561 [info] > git for-each-ref --format=%(refname)%00%(upstream:short)%00%(objectname) refs/heads/master refs/remotes/master [1ms]
2023-11-10 16:49:23.582 [info] > git status -z -uall [14ms]
2023-11-10 16:49:28.612 [warning] getRemotes() - ENOENT: no such file or directory, open '/home/xdb/--git-common-dir/config'
2023-11-10 16:49:28.620 [info] > git remote --verbose [8ms]
2023-11-10 16:49:28.621 [info] > git config --get commit.template [1ms]
2023-11-10 16:49:28.628 [info] > git for-each-ref --format=%(refname)%00%(upstream:short)%00%(objectname) refs/heads/master refs/remotes/master [1ms]
2023-11-10 16:49:28.649 [info] > git status -z -uall [13ms]
2023-11-10 16:49:33.679 [warning] getRemotes() - ENOENT: no such file or directory, open '/home/xdb/--git-common-dir/config'
2023-11-10 16:49:33.687 [info] > git remote --verbose [8ms]
2023-11-10 16:49:33.688 [info] > git config --get commit.template [2ms]
2023-11-10 16:49:33.695 [info] > git for-each-ref --format=%(refname)%00%(upstream:short)%00%(objectname) refs/heads/master refs/remotes/master [1ms]
2023-11-10 16:49:33.716 [info] > git status -z -uall [14ms]
2023-11-10 16:49:35.782 [info] > git ls-files --stage -- /home/xdb/test202311/app/demo01.cpp [6ms]
2023-11-10 16:49:35.784 [info] > git ls-files --stage -- /home/xdb/.cache/abrt/lastnotification [14ms]
2023-11-10 16:49:35.791 [info] > git ls-files --stage -- /home/xdb/test202311/tools/public.cpp [30ms]
2023-11-10 16:49:35.792 [info] > git cat-file -s 35533a2742dc0c42ec5e28e0f9aed5d105bd0833 [1ms]
2023-11-10 16:49:35.792 [info] > git ls-files --stage -- /home/xdb/.bash_history [11ms]
2023-11-10 16:49:35.800 [info] > git cat-file -s 63d396528128781a5e76737ecd766b8ec7fb6503 [1ms]
2023-11-10 16:49:35.829 [info] > git show --textconv :test202311/app/demo01.cpp [7ms]
2023-11-10 16:49:35.831 [info] > git show --textconv :test202311/tools/public.cpp [3ms]
2023-11-10 16:49:35.845 [info] > git show --textconv :.cache/abrt/lastnotification [7ms]
2023-11-10 16:49:35.847 [info] > git show --textconv :.bash_history [2ms]
2023-11-10 16:49:37.998 [info] > git ls-files --stage -- /home/xdb/test202311/app/demo01.cpp [7ms]
2023-11-10 16:49:37.999 [info] > git ls-files --stage -- /home/xdb/.cache/abrt/lastnotification [15ms]
2023-11-10 16:49:38.005 [info] > git ls-files --stage -- /home/xdb/test202311/tools/public.cpp [29ms]
2023-11-10 16:49:38.007 [info] > git cat-file -s 35533a2742dc0c42ec5e28e0f9aed5d105bd0833 [1ms]
2023-11-10 16:49:38.007 [info] > git ls-files --stage -- /home/xdb/.bash_history [10ms]
2023-11-10 16:49:38.015 [info] > git cat-file -s 63d396528128781a5e76737ecd766b8ec7fb6503 [1ms]
2023-11-10 16:49:38.046 [info] > git show --textconv :test202311/app/demo01.cpp [8ms]
2023-11-10 16:49:38.054 [info] > git show --textconv :test202311/tools/public.cpp [9ms]
2023-11-10 16:49:38.062 [info] > git show --textconv :.cache/abrt/lastnotification [9ms]
2023-11-10 16:49:38.064 [info] > git show --textconv :.bash_history [3ms]
2023-11-10 16:49:41.108 [warning] getRemotes() - ENOENT: no such file or directory, open '/home/xdb/--git-common-dir/config'
2023-11-10 16:49:41.115 [info] > git remote --verbose [7ms]
2023-11-10 16:49:41.122 [info] > git config --get commit.template [8ms]
2023-11-10 16:49:41.123 [info] > git for-each-ref --format=%(refname)%00%(upstream:short)%00%(objectname) refs/heads/master refs/remotes/master [1ms]
2023-11-10 16:49:41.144 [info] > git status -z -uall [14ms]
2023-11-10 16:49:44.699 [info] > git ls-files --stage -- /home/xdb/test202311/app/demo01.cpp [7ms]
2023-11-10 16:49:44.700 [info] > git ls-files --stage -- /home/xdb/.cache/abrt/lastnotification [15ms]
2023-11-10 16:49:44.707 [info] > git ls-files --stage -- /home/xdb/test202311/tools/public.cpp [28ms]
2023-11-10 16:49:44.708 [info] > git cat-file -s 35533a2742dc0c42ec5e28e0f9aed5d105bd0833 [2ms]
2023-11-10 16:49:44.708 [info] > git ls-files --stage -- /home/xdb/.bash_history [10ms]
2023-11-10 16:49:44.716 [info] > git cat-file -s 63d396528128781a5e76737ecd766b8ec7fb6503 [2ms]
2023-11-10 16:49:44.744 [info] > git show --textconv :test202311/app/demo01.cpp [7ms]
2023-11-10 16:49:44.751 [info] > git show --textconv :test202311/tools/public.cpp [8ms]
2023-11-10 16:49:44.759 [info] > git show --textconv :.cache/abrt/lastnotification [8ms]
2023-11-10 16:49:44.761 [info] > git show --textconv :.bash_history [3ms]
2023-11-10 16:49:50.935 [warning] getRemotes() - ENOENT: no such file or directory, open '/home/xdb/--git-common-dir/config'
2023-11-10 16:49:50.942 [info] > git remote --verbose [8ms]
2023-11-10 16:49:50.943 [info] > git config --get commit.template [1ms]
2023-11-10 16:49:50.951 [info] > git for-each-ref --format=%(refname)%00%(upstream:short)%00%(objectname) refs/heads/master refs/remotes/master [1ms]
2023-11-10 16:49:50.971 [info] > git status -z -uall [14ms]
2023-11-10 16:49:57.711 [warning] getRemotes() - ENOENT: no such file or directory, open '/home/xdb/--git-common-dir/config'
2023-11-10 16:49:57.720 [info] > git remote --verbose [9ms]
2023-11-10 16:49:57.720 [info] > git config --get commit.template [1ms]
2023-11-10 16:49:57.729 [info] > git for-each-ref --format=%(refname)%00%(upstream:short)%00%(objectname) refs/heads/master refs/remotes/master [2ms]
2023-11-10 16:49:57.751 [info] > git status -z -uall [15ms]
2023-11-10 16:50:02.780 [warning] getRemotes() - ENOENT: no such file or directory, open '/home/xdb/--git-common-dir/config'
2023-11-10 16:50:02.788 [info] > git remote --verbose [8ms]
2023-11-10 16:50:02.795 [info] > git config --get commit.template [8ms]
2023-11-10 16:50:02.796 [info] > git for-each-ref --format=%(refname)%00%(upstream:short)%00%(objectname) refs/heads/master refs/remotes/master [1ms]
2023-11-10 16:50:02.816 [info] > git status -z -uall [13ms]
2023-11-10 16:50:07.848 [warning] getRemotes() - ENOENT: no such file or directory, open '/home/xdb/--git-common-dir/config'
2023-11-10 16:50:07.856 [info] > git remote --verbose [9ms]
2023-11-10 16:50:07.863 [info] > git config --get commit.template [8ms]
2023-11-10 16:50:07.864 [info] > git for-each-ref --format=%(refname)%00%(upstream:short)%00%(objectname) refs/heads/master refs/remotes/master [1ms]
2023-11-10 16:50:07.886 [info] > git status -z -uall [15ms]
2023-11-10 16:50:12.920 [warning] getRemotes() - ENOENT: no such file or directory, open '/home/xdb/--git-common-dir/config'
2023-11-10 16:50:12.927 [info] > git remote --verbose [8ms]
2023-11-10 16:50:12.928 [info] > git config --get commit.template [1ms]
2023-11-10 16:50:12.935 [info] > git for-each-ref --format=%(refname)%00%(upstream:short)%00%(objectname) refs/heads/master refs/remotes/master [1ms]
2023-11-10 16:50:12.957 [info] > git status -z -uall [14ms]
2023-11-10 16:50:14.755 [info] > git add -A -- /home/xdb/.cache/abrt/lastnotification [6ms]
2023-11-10 16:50:14.765 [warning] getRemotes() - ENOENT: no such file or directory, open '/home/xdb/--git-common-dir/config'
2023-11-10 16:50:14.773 [info] > git remote --verbose [7ms]
2023-11-10 16:50:14.773 [info] > git config --get commit.template [1ms]
2023-11-10 16:50:14.781 [info] > git for-each-ref --format=%(refname)%00%(upstream:short)%00%(objectname) refs/heads/master refs/remotes/master [1ms]
2023-11-10 16:50:14.803 [info] > git status -z -uall [15ms]
2023-11-10 16:50:14.846 [info] > git -c user.useConfigOnly=true commit --quiet --allow-empty-message --file - [8ms]
2023-11-10 16:50:14.856 [info] > git config --get commit.template [2ms]
2023-11-10 16:50:14.865 [warning] getRemotes() - ENOENT: no such file or directory, open '/home/xdb/--git-common-dir/config'
2023-11-10 16:50:14.873 [info] > git remote --verbose [8ms]
2023-11-10 16:50:14.880 [info] > git config --get commit.template [8ms]
2023-11-10 16:50:14.882 [info] > git for-each-ref --format=%(refname)%00%(upstream:short)%00%(objectname) refs/heads/master refs/remotes/master [1ms]
2023-11-10 16:50:14.906 [info] > git status -z -uall [15ms]
2023-11-10 16:50:15.586 [warning] getRemotes() - ENOENT: no such file or directory, open '/home/xdb/--git-common-dir/config'
2023-11-10 16:50:15.594 [info] > git remote --verbose [8ms]
2023-11-10 16:50:15.594 [info] > git config --get commit.template [1ms]
2023-11-10 16:50:15.603 [info] > git for-each-ref --format=%(refname)%00%(upstream:short)%00%(objectname) refs/heads/master refs/remotes/master [1ms]
2023-11-10 16:50:15.624 [info] > git status -z -uall [14ms]
2023-11-10 16:50:16.168 [info] > git check-ignore -v -z --stdin [2ms]
2023-11-10 16:50:16.911 [info] > git ls-files --stage -- /home/xdb/test202311/app/demo01.cpp [8ms]
2023-11-10 16:50:16.912 [info] > git ls-files --stage -- /home/xdb/.cache/abrt/lastnotification [15ms]
2023-11-10 16:50:16.919 [info] > git ls-files --stage -- /home/xdb/test202311/tools/public.cpp [30ms]
2023-11-10 16:50:16.920 [info] > git cat-file -s e4d17b7ac319d2c42b8b2e3d664fb8c82d203171 [2ms]
2023-11-10 16:50:16.920 [info] > git ls-files --stage -- /home/xdb/.bash_history [10ms]
2023-11-10 16:50:16.928 [info] > git cat-file -s 63d396528128781a5e76737ecd766b8ec7fb6503 [1ms]
2023-11-10 16:50:16.957 [info] > git show --textconv :test202311/app/demo01.cpp [8ms]
2023-11-10 16:50:16.965 [info] > git show --textconv :test202311/tools/public.cpp [9ms]
2023-11-10 16:50:16.973 [info] > git show --textconv :.cache/abrt/lastnotification [8ms]
2023-11-10 16:50:16.975 [info] > git show --textconv :.bash_history [2ms]
2023-11-10 16:50:17.987 [warning] getRemotes() - ENOENT: no such file or directory, open '/home/xdb/--git-common-dir/config'
2023-11-10 16:50:17.995 [info] > git remote --verbose [8ms]
2023-11-10 16:50:17.995 [info] > git config --get commit.template [1ms]
2023-11-10 16:50:18.003 [info] > git for-each-ref --format=%(refname)%00%(upstream:short)%00%(objectname) refs/heads/master refs/remotes/master [1ms]
2023-11-10 16:50:18.023 [info] > git status -z -uall [13ms]
2023-11-10 16:50:23.035 [warning] getRemotes() - ENOENT: no such file or directory, open '/home/xdb/--git-common-dir/config'
2023-11-10 16:50:23.042 [info] > git remote --verbose [8ms]
2023-11-10 16:50:23.043 [info] > git config --get commit.template [2ms]
2023-11-10 16:50:23.051 [info] > git for-each-ref --format=%(refname)%00%(upstream:short)%00%(objectname) refs/heads/master refs/remotes/master [2ms]
2023-11-10 16:50:23.070 [info] > git status -z -uall [12ms]
2023-11-10 16:50:26.094 [info] > git log --format=%H%n%aN%n%aE%n%at%n%ct%n%P%n%D%n%B -z -n120 -- /home/xdb/.bash_history [2ms]
2023-11-10 16:50:28.083 [warning] getRemotes() - ENOENT: no such file or directory, open '/home/xdb/--git-common-dir/config'
2023-11-10 16:50:28.092 [info] > git remote --verbose [8ms]
2023-11-10 16:50:28.092 [info] > git config --get commit.template [1ms]
2023-11-10 16:50:28.101 [info] > git for-each-ref --format=%(refname)%00%(upstream:short)%00%(objectname) refs/heads/master refs/remotes/master [1ms]
2023-11-10 16:50:28.120 [info] > git status -z -uall [12ms]
2023-11-10 16:50:33.131 [warning] getRemotes() - ENOENT: no such file or directory, open '/home/xdb/--git-common-dir/config'
2023-11-10 16:50:33.140 [info] > git remote --verbose [9ms]
2023-11-10 16:50:33.141 [info] > git config --get commit.template [2ms]
2023-11-10 16:50:33.149 [info] > git for-each-ref --format=%(refname)%00%(upstream:short)%00%(objectname) refs/heads/master refs/remotes/master [2ms]
2023-11-10 16:50:33.169 [info] > git status -z -uall [12ms]
