2023-11-10 16:39:02.172 [info] Log level: Info
2023-11-10 16:39:02.172 [info] Validating found git in: "git"
2023-11-10 16:39:02.172 [info] Using git "1.8.3.1" from "git"
2023-11-10 16:39:02.172 [info] > git rev-parse --show-toplevel [57ms]
2023-11-10 16:39:02.172 [info] > git rev-parse --git-dir --git-common-dir [1ms]
2023-11-10 16:39:02.172 [info] Open repository: /home/xdb
2023-11-10 16:39:02.172 [warning] getRemotes() - ENOENT: no such file or directory, open '/home/xdb/--git-common-dir/config'
2023-11-10 16:39:02.172 [info] > git fetch [22ms]
2023-11-10 16:39:02.172 [info] fatal: No remote repository specified.  Please, specify either a URL or a
remote name from which new revisions should be fetched.
2023-11-10 16:39:02.172 [warning] getRemotes() - ENOENT: no such file or directory, open '/home/xdb/--git-common-dir/config'
2023-11-10 16:39:02.172 [info] > git rev-parse --show-toplevel [12ms]
2023-11-10 16:39:02.172 [info] > git config --get commit.template [17ms]
2023-11-10 16:39:02.172 [info] > git remote --verbose [22ms]
2023-11-10 16:39:02.172 [info] > git config --get commit.template [8ms]
2023-11-10 16:39:02.172 [info] > git remote --verbose [12ms]
2023-11-10 16:39:02.172 [info] > git rev-parse --show-toplevel [8ms]
2023-11-10 16:39:02.172 [info] > git for-each-ref --format=%(refname)%00%(upstream:short)%00%(objectname) refs/heads/master refs/remotes/master [11ms]
2023-11-10 16:39:02.176 [warning] getRemotes() - ENOENT: no such file or directory, open '/home/xdb/--git-common-dir/config'
2023-11-10 16:39:02.180 [info] > git rev-parse --show-toplevel [12ms]
2023-11-10 16:39:02.181 [info] > git for-each-ref --format=%(refname)%00%(upstream:short)%00%(objectname) refs/heads/master refs/remotes/master [17ms]
2023-11-10 16:39:02.186 [info] > git config --get commit.template [7ms]
2023-11-10 16:39:02.186 [info] > git remote --verbose [10ms]
2023-11-10 16:39:02.188 [info] > git rev-parse --show-toplevel [3ms]
2023-11-10 16:39:02.198 [info] > git for-each-ref --format=%(refname)%00%(upstream:short)%00%(objectname) refs/heads/master refs/remotes/master [7ms]
2023-11-10 16:39:02.210 [info] > git rev-parse --show-toplevel [12ms]
2023-11-10 16:39:02.221 [info] > git status -z -uall [19ms]
2023-11-10 16:39:02.221 [info] > git rev-parse --show-toplevel [6ms]
2023-11-10 16:39:02.286 [info] > git rev-parse --show-toplevel [23ms]
2023-11-10 16:39:02.296 [info] > git rev-parse --show-toplevel [3ms]
2023-11-10 16:39:02.576 [info] > git log --format=%H%n%aN%n%aE%n%at%n%ct%n%P%n%D%n%B -z -n120 -- /home/xdb/test202311/tools/public.cpp [2ms]
2023-11-10 16:39:02.576 [info] fatal: bad default revision 'HEAD'
2023-11-10 16:39:02.729 [info] > git check-ignore -v -z --stdin [3ms]
2023-11-10 16:39:02.925 [info] > git show --textconv :test202311/tools/public.cpp [18ms]
2023-11-10 16:39:02.926 [info] > git ls-files --stage -- /home/xdb/test202311/tools/public.cpp [1ms]
2023-11-10 16:39:02.936 [info] > git cat-file -s 24f4a9bc44d7a617314afc0efe10d0a620bed13c [2ms]
2023-11-10 16:39:03.700 [info] > git ls-files --stage -- /home/xdb/test202311/tools/public.cpp [4ms]
2023-11-10 16:39:03.707 [info] > git cat-file -s 24f4a9bc44d7a617314afc0efe10d0a620bed13c [1ms]
2023-11-10 16:39:03.729 [info] > git show --textconv :test202311/tools/public.cpp [2ms]
2023-11-10 16:39:12.204 [warning] getRemotes() - ENOENT: no such file or directory, open '/home/xdb/--git-common-dir/config'
2023-11-10 16:39:12.211 [info] > git remote --verbose [6ms]
2023-11-10 16:39:12.212 [info] > git config --get commit.template [1ms]
2023-11-10 16:39:12.218 [info] > git for-each-ref --format=%(refname)%00%(upstream:short)%00%(objectname) refs/heads/master refs/remotes/master [1ms]
2023-11-10 16:39:12.237 [info] > git status -z -uall [14ms]
2023-11-10 16:39:15.774 [info] > git check-ignore -v -z --stdin [3ms]
2023-11-10 16:39:16.122 [info] > git -c user.useConfigOnly=true commit --quiet --allow-empty-message --file - [7ms]
2023-11-10 16:39:16.122 [info] 
*** Please tell me who you are.

Run

  git config --global user.email "you@example.com"
  git config --global user.name "Your Name"

to set your account's default identity.
Omit --global to set the identity only in this repository.

fatal: empty ident name (for <xdb@VM-12-8-centos.(none)>) not allowed
2023-11-10 16:39:16.133 [info] > git config --get-all user.name [1ms]
2023-11-10 16:39:16.142 [warning] getRemotes() - ENOENT: no such file or directory, open '/home/xdb/--git-common-dir/config'
2023-11-10 16:39:16.149 [info] > git remote --verbose [8ms]
2023-11-10 16:39:16.150 [info] > git config --get commit.template [2ms]
2023-11-10 16:39:16.158 [info] > git for-each-ref --format=%(refname)%00%(upstream:short)%00%(objectname) refs/heads/master refs/remotes/master [1ms]
2023-11-10 16:39:16.183 [info] > git status -z -uall [18ms]
2023-11-10 16:39:17.273 [warning] getRemotes() - ENOENT: no such file or directory, open '/home/xdb/--git-common-dir/config'
2023-11-10 16:39:17.280 [info] > git remote --verbose [7ms]
2023-11-10 16:39:17.281 [info] > git config --get commit.template [1ms]
2023-11-10 16:39:17.288 [info] > git for-each-ref --format=%(refname)%00%(upstream:short)%00%(objectname) refs/heads/master refs/remotes/master [1ms]
2023-11-10 16:39:17.307 [info] > git status -z -uall [13ms]
2023-11-10 16:39:22.342 [warning] getRemotes() - ENOENT: no such file or directory, open '/home/xdb/--git-common-dir/config'
2023-11-10 16:39:22.349 [info] > git remote --verbose [8ms]
2023-11-10 16:39:22.350 [info] > git config --get commit.template [1ms]
2023-11-10 16:39:22.357 [info] > git for-each-ref --format=%(refname)%00%(upstream:short)%00%(objectname) refs/heads/master refs/remotes/master [1ms]
2023-11-10 16:39:22.378 [info] > git status -z -uall [15ms]
2023-11-10 16:39:27.411 [warning] getRemotes() - ENOENT: no such file or directory, open '/home/xdb/--git-common-dir/config'
2023-11-10 16:39:27.419 [info] > git remote --verbose [8ms]
2023-11-10 16:39:27.420 [info] > git config --get commit.template [1ms]
2023-11-10 16:39:27.427 [info] > git for-each-ref --format=%(refname)%00%(upstream:short)%00%(objectname) refs/heads/master refs/remotes/master [1ms]
2023-11-10 16:39:27.452 [info] > git status -z -uall [19ms]
2023-11-10 16:39:32.483 [warning] getRemotes() - ENOENT: no such file or directory, open '/home/xdb/--git-common-dir/config'
2023-11-10 16:39:32.490 [info] > git remote --verbose [7ms]
2023-11-10 16:39:32.491 [info] > git config --get commit.template [1ms]
2023-11-10 16:39:32.499 [info] > git for-each-ref --format=%(refname)%00%(upstream:short)%00%(objectname) refs/heads/master refs/remotes/master [1ms]
2023-11-10 16:39:32.519 [info] > git status -z -uall [13ms]
2023-11-10 16:39:37.548 [warning] getRemotes() - ENOENT: no such file or directory, open '/home/xdb/--git-common-dir/config'
2023-11-10 16:39:37.555 [info] > git remote --verbose [7ms]
2023-11-10 16:39:37.555 [info] > git config --get commit.template [1ms]
2023-11-10 16:39:37.562 [info] > git for-each-ref --format=%(refname)%00%(upstream:short)%00%(objectname) refs/heads/master refs/remotes/master [1ms]
2023-11-10 16:39:37.581 [info] > git status -z -uall [14ms]
2023-11-10 16:39:42.611 [warning] getRemotes() - ENOENT: no such file or directory, open '/home/xdb/--git-common-dir/config'
2023-11-10 16:39:42.619 [info] > git remote --verbose [8ms]
2023-11-10 16:39:42.620 [info] > git config --get commit.template [2ms]
2023-11-10 16:39:42.627 [info] > git for-each-ref --format=%(refname)%00%(upstream:short)%00%(objectname) refs/heads/master refs/remotes/master [2ms]
2023-11-10 16:39:42.647 [info] > git status -z -uall [14ms]
2023-11-10 16:39:47.678 [warning] getRemotes() - ENOENT: no such file or directory, open '/home/xdb/--git-common-dir/config'
2023-11-10 16:39:47.685 [info] > git remote --verbose [8ms]
2023-11-10 16:39:47.686 [info] > git config --get commit.template [2ms]
2023-11-10 16:39:47.693 [info] > git for-each-ref --format=%(refname)%00%(upstream:short)%00%(objectname) refs/heads/master refs/remotes/master [1ms]
2023-11-10 16:39:47.713 [info] > git status -z -uall [13ms]
2023-11-10 16:39:51.011 [info] > git show --textconv HEAD:test202311/tools/public.cpp [22ms]
2023-11-10 16:39:51.011 [info] > git show --textconv :test202311/tools/public.cpp [16ms]
2023-11-10 16:39:51.011 [info] > git ls-tree -l HEAD -- /home/xdb/test202311/tools/public.cpp [9ms]
2023-11-10 16:39:51.011 [info] fatal: Not a valid object name HEAD
2023-11-10 16:39:51.014 [info] > git ls-files --stage -- /home/xdb/test202311/tools/public.cpp [4ms]
2023-11-10 16:39:51.022 [info] > git cat-file -s 24f4a9bc44d7a617314afc0efe10d0a620bed13c [1ms]
2023-11-10 16:39:51.532 [info] > git check-ignore -v -z --stdin [2ms]
2023-11-10 16:39:52.744 [warning] getRemotes() - ENOENT: no such file or directory, open '/home/xdb/--git-common-dir/config'
2023-11-10 16:39:52.751 [info] > git remote --verbose [8ms]
2023-11-10 16:39:52.752 [info] > git config --get commit.template [2ms]
2023-11-10 16:39:52.760 [info] > git for-each-ref --format=%(refname)%00%(upstream:short)%00%(objectname) refs/heads/master refs/remotes/master [1ms]
2023-11-10 16:39:52.780 [info] > git status -z -uall [14ms]
2023-11-10 16:39:57.810 [warning] getRemotes() - ENOENT: no such file or directory, open '/home/xdb/--git-common-dir/config'
2023-11-10 16:39:57.817 [info] > git remote --verbose [7ms]
2023-11-10 16:39:57.818 [info] > git config --get commit.template [2ms]
2023-11-10 16:39:57.825 [info] > git for-each-ref --format=%(refname)%00%(upstream:short)%00%(objectname) refs/heads/master refs/remotes/master [1ms]
2023-11-10 16:39:57.844 [info] > git status -z -uall [13ms]
2023-11-10 16:40:02.874 [warning] getRemotes() - ENOENT: no such file or directory, open '/home/xdb/--git-common-dir/config'
2023-11-10 16:40:02.881 [info] > git remote --verbose [7ms]
2023-11-10 16:40:02.882 [info] > git config --get commit.template [2ms]
2023-11-10 16:40:02.890 [info] > git for-each-ref --format=%(refname)%00%(upstream:short)%00%(objectname) refs/heads/master refs/remotes/master [2ms]
2023-11-10 16:40:02.912 [info] > git status -z -uall [14ms]
2023-11-10 16:40:07.942 [warning] getRemotes() - ENOENT: no such file or directory, open '/home/xdb/--git-common-dir/config'
2023-11-10 16:40:07.950 [info] > git remote --verbose [8ms]
2023-11-10 16:40:07.957 [info] > git config --get commit.template [7ms]
2023-11-10 16:40:07.958 [info] > git for-each-ref --format=%(refname)%00%(upstream:short)%00%(objectname) refs/heads/master refs/remotes/master [1ms]
2023-11-10 16:40:07.978 [info] > git status -z -uall [14ms]
2023-11-10 16:40:13.014 [warning] getRemotes() - ENOENT: no such file or directory, open '/home/xdb/--git-common-dir/config'
2023-11-10 16:40:13.023 [info] > git remote --verbose [9ms]
2023-11-10 16:40:13.023 [info] > git config --get commit.template [1ms]
2023-11-10 16:40:13.032 [info] > git for-each-ref --format=%(refname)%00%(upstream:short)%00%(objectname) refs/heads/master refs/remotes/master [2ms]
2023-11-10 16:40:13.052 [info] > git status -z -uall [13ms]
2023-11-10 16:40:18.084 [warning] getRemotes() - ENOENT: no such file or directory, open '/home/xdb/--git-common-dir/config'
2023-11-10 16:40:18.092 [info] > git remote --verbose [8ms]
2023-11-10 16:40:18.093 [info] > git config --get commit.template [2ms]
2023-11-10 16:40:18.101 [info] > git for-each-ref --format=%(refname)%00%(upstream:short)%00%(objectname) refs/heads/master refs/remotes/master [2ms]
2023-11-10 16:40:18.121 [info] > git status -z -uall [14ms]
2023-11-10 16:40:46.167 [warning] getRemotes() - ENOENT: no such file or directory, open '/home/xdb/--git-common-dir/config'
2023-11-10 16:40:46.174 [info] > git ls-files --stage -- /home/xdb/test202311/tools/public.cpp [14ms]
2023-11-10 16:40:46.180 [info] > git ls-tree -l HEAD -- /home/xdb/test202311/tools/public.cpp [26ms]
2023-11-10 16:40:46.180 [info] fatal: Not a valid object name HEAD
2023-11-10 16:40:46.181 [info] > git cat-file -s 24f4a9bc44d7a617314afc0efe10d0a620bed13c [2ms]
2023-11-10 16:40:46.182 [info] > git config --get commit.template [9ms]
2023-11-10 16:40:46.182 [info] > git remote --verbose [15ms]
2023-11-10 16:40:46.188 [info] > git for-each-ref --format=%(refname)%00%(upstream:short)%00%(objectname) refs/heads/master refs/remotes/master [1ms]
2023-11-10 16:40:46.209 [info] > git status -z -uall [15ms]
