2023-11-21 11:28:21 crtsurfdata starts running.
2023-11-21 11:28:21 Successfully generated data file /tmp/idc/surfdata/SURF_ZH_20231121112800_13624.csv, data time 20231121112800, record count 839.
2023-11-21 11:28:21 Successfully generated data file /tmp/idc/surfdata/SURF_ZH_20231121112800_13624.xml, data time 20231121112800, record count 839.
2023-11-21 11:28:21 Successfully generated data file /tmp/idc/surfdata/SURF_ZH_20231121112800_13624.json, data time 20231121112800, record count 839.
2023-11-21 11:28:21 crtsurfdata ends running.
2023-11-21 11:28:24 crtsurfdata starts running.
2023-11-21 11:28:24 Successfully generated data file /tmp/idc/surfdata/SURF_ZH_20231121112800_13713.csv, data time 20231121112800, record count 839.
2023-11-21 11:28:24 Successfully generated data file /tmp/idc/surfdata/SURF_ZH_20231121112800_13713.xml, data time 20231121112800, record count 839.
2023-11-21 11:28:24 Successfully generated data file /tmp/idc/surfdata/SURF_ZH_20231121112800_13713.json, data time 20231121112800, record count 839.
2023-11-21 11:28:24 crtsurfdata ends running.
2023-11-21 11:34:07 crtsurfdata starts running.
2023-11-21 11:34:07 Successfully generated data file /tmp/idc/surfdata/SURF_ZH_20231121113400_16126.csv, data time 20231121113400, record count 839.
2023-11-21 11:34:07 Successfully generated data file /tmp/idc/surfdata/SURF_ZH_20231121113400_16126.xml, data time 20231121113400, record count 839.
2023-11-21 11:34:07 Successfully generated data file /tmp/idc/surfdata/SURF_ZH_20231121113400_16126.json, data time 20231121113400, record count 839.
2023-11-21 11:34:07 crtsurfdata ends running.
2023-11-21 11:34:10 crtsurfdata starts running.
2023-11-21 11:34:10 Successfully generated data file /tmp/idc/surfdata/SURF_ZH_20231121113400_16134.csv, data time 20231121113400, record count 839.
2023-11-21 11:34:10 Successfully generated data file /tmp/idc/surfdata/SURF_ZH_20231121113400_16134.xml, data time 20231121113400, record count 839.
2023-11-21 11:34:10 Successfully generated data file /tmp/idc/surfdata/SURF_ZH_20231121113400_16134.json, data time 20231121113400, record count 839.
2023-11-21 11:34:10 crtsurfdata ends running.
